--17-Oct-2010 16:41:32
Researcher: Default Researcher
Subject: Unnamed
1; 2; lvl2_3; 0; 3000; P1
2; 2; lvl2_3; 4472; 7472; P2
3; 7; lvl7_1; 9403; 2403; P1
4; 7; lvl7_1; 12744; 5744; P2
5; 3; lvl3_1; 18319; 1319; P1
6; 3; lvl3_1; 22752; 5752; P2
7; 6; lvl6_2; 27539; 539; P1
8; 6; lvl6_2; 33067; 6067; P2
9; 7; lvl7_5; 37187; 187; P1
10; 7; lvl7_5; 42020; 5020; P2
11; 3; lvl3_3; 47872; 872; P1
12; 3; lvl3_3; 53854; 6854; P2
13; 9; lvl9_3; 57209; 209; P1
14; 9; lvl9_3; 62935; 5935; P2
15; 1; lvl1_6; 67726; 726; P1
16; 1; lvl1_6; 72434; 5434; P2
17; 8; lvl8_4; 77927; 927; P1
18; 8; lvl8_4; 83632; 6632; P2
19; 8; lvl8_5; 88192; 1192; P1
20; 8; lvl8_5; 93283; 6283; P2
21; 10; lvl10_2; 98802; 1802; P1
22; 10; lvl10_2; 104050; 7050; P2
23; 5; lvl5_5; 109383; 2383; P1
24; 5; lvl5_5; 114635; 7635; P2
25; 9; lvl9_2; 119309; 2309; P1
26; 9; lvl9_2; 122828; 5828; P2
27; 1; lvl1_5; 128330; 1330; P1
28; 1; lvl1_5; 132235; 5235; P2
29; 3; lvl3_5; 137009; 9; P1
30; 3; lvl3_5; 142025; 5025; P2
31; 6; lvl6_4; 147599; 599; P1
32; 6; lvl6_4; 153571; 6571; P2
33; 2; lvl2_2; 158336; 1336; P1
34; 2; lvl2_2; 162333; 5333; P2
35; 8; lvl8_1; 167789; 789; P1
36; 8; lvl8_1; 172797; 5797; P2
37; 1; lvl1_1; 177349; 349; P1
38; 1; lvl1_1; 183287; 6287; P2
39; 10; lvl10_1; 188505; 1505; P1
40; 10; lvl10_1; 192875; 5875; P2
41; 6; lvl6_1; 198102; 1102; P1
42; 6; lvl6_1; 202621; 5621; P2
43; 9; lvl9_4; 207435; 435; P1
44; 9; lvl9_4; 212334; 5334; P2
45; 3; lvl3_2; 217530; 530; P1
46; 3; lvl3_2; 222583; 5583; P2
47; 4; lvl4_3; 227084; 84; P1
48; 4; lvl4_3; 233038; 6038; P2
49; 7; lvl7_2; 238255; 1255; P1
50; 7; lvl7_2; 242124; 5124; P2
51; 9; lvl9_5; 248079; 1079; P1
52; 9; lvl9_5; 252779; 5779; P2
53; 5; lvl5_3; 257990; 990; P1
54; 5; lvl5_3; 262234; 5234; P2
55; 5; lvl5_4; 267237; 237; P1
56; 5; lvl5_4; 272638; 5638; P2
57; 3; lvl3_6; 277224; 224; P1
58; 3; lvl3_6; 283177; 6177; P2
59; 6; lvl6_6; 287501; 501; P1
60; 6; lvl6_6; 292480; 5480; P2
61; 8; lvl8_2; 298020; 1020; P1
62; 8; lvl8_2; 302414; 5414; P2
63; 7; lvl7_4; 307452; 452; P1
64; 7; lvl7_4; 312320; 5320; P2
65; 1; lvl1_2; 317523; 523; P1
66; 1; lvl1_2; 323179; 6179; P2
67; 5; lvl5_1; 327260; 260; P1
68; 5; lvl5_1; 332397; 5397; P2
69; 6; lvl6_3; 337324; 324; P1
70; 6; lvl6_3; 342150; 5150; P2
71; 10; lvl10_6; 347849; 849; P1
72; 10; lvl10_6; 352000; 5000; P2
73; 9; lvl9_6; 357011; 11; P1
74; 9; lvl9_6; 362217; 5217; P2
75; 10; lvl10_4; 367879; 879; P1
76; 10; lvl10_4; 372567; 5567; P2
77; 4; lvl4_6; 377666; 666; P1
78; 4; lvl4_6; 382724; 5724; P2
79; 4; lvl4_4; 388146; 1146; P1
80; 4; lvl4_4; 394119; 7119; P2
81; 3; lvl3_4; 398616; 1616; P1
82; 3; lvl3_4; 403345; 6345; P2
83; 5; lvl5_2; 407633; 633; P1
84; 5; lvl5_2; 412869; 5869; P2
85; 10; lvl10_5; 417544; 544; P1
86; 10; lvl10_5; 423199; 6199; P2
87; 1; lvl1_3; 428829; 1829; P1
88; 1; lvl1_3; 434576; 7576; P2
89; 4; lvl4_2; 437645; 645; P1
90; 4; lvl4_2; 442226; 5226; P2
91; 2; lvl2_5; 448177; 1177; P1
92; 2; lvl2_5; 453309; 6309; P2
93; 2; lvl2_6; 457654; 654; P1
94; 2; lvl2_6; 462346; 5346; P2
95; 1; lvl1_4; 467959; 959; P1
96; 1; lvl1_4; 473489; 6489; P2
97; 8; lvl8_6; 477737; 737; P1
98; 8; lvl8_6; 482706; 5706; P2
99; 2; lvl2_4; 488414; 1414; P1
100; 2; lvl2_4; 493410; 6410; P2
101; 10; lvl10_3; 497842; 842; P1
102; 10; lvl10_3; 502201; 5201; P2
103; 4; lvl4_1; 507559; 559; P1
104; 4; lvl4_1; 513206; 6206; P2
105; 6; lvl6_5; 519051; 2051; P1
106; 6; lvl6_5; 525028; 8028; P2
107; 7; lvl7_3; 528619; 1619; P1
108; 7; lvl7_3; 533502; 6502; P2
109; 4; lvl4_5; 538433; 1433; P1
110; 4; lvl4_5; 542090; 5090; P2
111; 2; lvl2_1; 547808; 808; P1
112; 2; lvl2_1; 552430; 5430; P2
113; 8; lvl8_3; 557059; 59; P1
114; 8; lvl8_3; 562035; 5035; P2
115; 9; lvl9_1; 567344; 344; P1
116; 9; lvl9_1; 572527; 5527; P2
117; 7; lvl7_6; 577810; 810; P1
118; 7; lvl7_6; 583195; 6195; P2
119; 5; lvl5_6; 587560; 560; P1
120; 5; lvl5_6; 592301; 5301; P2
--17-Oct-2010 17:30:59
Researcher: Default Researcher
Subject: Unnamed
1; 1; lvl1_2; 0; 3000; P1
2; 1; lvl1_2; 4971; 7971; P2
3; 7; lvl7_3; 8116; 1116; P1
4; 7; lvl7_3; 12165; 5165; P2
5; 5; lvl5_2; 18111; 1111; P1
6; 5; lvl5_2; 22612; 5612; P2
7; 3; lvl3_2; 28189; 1189; P1
8; 3; lvl3_2; 32864; 5864; P2
9; 6; lvl6_2; 38124; 1124; P1
10; 6; lvl6_2; 43334; 6334; P2
11; 10; lvl10_3; 47425; 425; P1
12; 10; lvl10_3; 52093; 5093; P2
13; 8; lvl8_4; 57779; 779; P1
14; 8; lvl8_4; 63351; 6351; P2
15; 10; lvl10_5; 69092; 2092; P1
16; 10; lvl10_5; 74846; 7846; P2
17; 2; lvl2_2; 78922; 1922; P1
18; 2; lvl2_2; 84177; 7177; P2
19; 3; lvl3_3; 88629; 1629; P1
20; 3; lvl3_3; 93060; 6060; P2
21; 2; lvl2_5; 98448; 1448; P1
22; 2; lvl2_5; 103998; 6998; P2
23; 3; lvl3_4; 107404; 404; P1
24; 3; lvl3_4; 112717; 5717; P2
25; 5; lvl5_4; 117178; 178; P1
26; 5; lvl5_4; 122266; 5266; P2
27; 7; lvl7_5; 128134; 1134; P1
28; 7; lvl7_5; 133822; 6822; P2
29; 6; lvl6_4; 137852; 852; P1
30; 6; lvl6_4; 143058; 6058; P2
31; 9; lvl9_1; 147121; 121; P1
32; 9; lvl9_1; 152746; 5746; P2
33; 10; lvl10_6; 157867; 867; P1
34; 10; lvl10_6; 163234; 6234; P2
35; 6; lvl6_6; 167489; 489; P1
36; 6; lvl6_6; 172851; 5851; P2
37; 7; lvl7_4; 177315; 315; P1
38; 7; lvl7_4; 182780; 5780; P2
39; 5; lvl5_6; 187260; 260; P1
40; 5; lvl5_6; 192463; 5463; P2
41; 3; lvl3_5; 198141; 1141; P1
42; 3; lvl3_5; 203628; 6628; P2
43; 3; lvl3_6; 207723; 723; P1
44; 3; lvl3_6; 213518; 6518; P2
45; 10; lvl10_4; 217580; 580; P1
46; 10; lvl10_4; 222937; 5937; P2
47; 9; lvl9_6; 228325; 1325; P1
48; 9; lvl9_6; 232137; 5137; P2
49; 1; lvl1_4; 237707; 707; P1
50; 1; lvl1_4; 243187; 6187; P2
51; 10; lvl10_2; 247767; 767; P1
52; 10; lvl10_2; 252545; 5545; P2
53; 3; lvl3_1; 258426; 1426; P1
54; 3; lvl3_1; 263058; 6058; P2
55; 4; lvl4_4; 269021; 2021; P1
56; 4; lvl4_4; 274510; 7510; P2
57; 2; lvl2_3; 278559; 1559; P1
58; 2; lvl2_3; 282681; 5681; P2
59; 9; lvl9_5; 287514; 514; P1
60; 9; lvl9_5; 292575; 5575; P2
61; 4; lvl4_1; 297222; 222; P1
62; 4; lvl4_1; 303142; 6142; P2
63; 9; lvl9_2; 307755; 755; P1
64; 9; lvl9_2; 313301; 6301; P2
65; 7; lvl7_1; 317704; 704; P1
66; 7; lvl7_1; 323321; 6321; P2
67; 1; lvl1_6; 328695; 1695; P1
68; 1; lvl1_6; 333745; 6745; P2
69; 5; lvl5_1; 338393; 1393; P1
70; 5; lvl5_1; 343841; 6841; P2
71; 1; lvl1_1; 349665; 2665; P1
72; 1; lvl1_1; 354376; 7376; P2
73; 5; lvl5_3; 360344; 3344; P1
74; 5; lvl5_3; 366010; 9010; P2
75; 8; lvl8_1; 369322; 2322; P1
76; 8; lvl8_1; 372610; 5610; P2
77; 2; lvl2_1; 378598; 1598; P1
78; 2; lvl2_1; 382300; 5300; P2
79; 6; lvl6_5; 387985; 985; P1
80; 6; lvl6_5; 393343; 6343; P2
81; 9; lvl9_4; 397658; 658; P1
82; 9; lvl9_4; 403318; 6318; P2
83; 4; lvl4_3; 408710; 1710; P1
84; 4; lvl4_3; 413585; 6585; P2
85; 6; lvl6_1; 418599; 1599; P1
86; 6; lvl6_1; 422486; 5486; P2
87; 9; lvl9_3; 427477; 477; P1
88; 9; lvl9_3; 432139; 5139; P2
89; 5; lvl5_5; 437261; 261; P1
90; 5; lvl5_5; 442960; 5960; P2
91; 10; lvl10_1; 448142; 1142; P1
92; 10; lvl10_1; 452474; 5474; P2
93; 4; lvl4_5; 457464; 464; P1
94; 4; lvl4_5; 462009; 5009; P2
95; 4; lvl4_6; 467752; 752; P1
96; 4; lvl4_6; 472623; 5623; P2
97; 7; lvl7_2; 478328; 1328; P1
98; 7; lvl7_2; 483062; 6062; P2
99; 2; lvl2_6; 487629; 629; P1
100; 2; lvl2_6; 493122; 6122; P2
101; 1; lvl1_5; 498254; 1254; P1
102; 1; lvl1_5; 503781; 6781; P2
103; 8; lvl8_2; 509290; 2290; P1
104; 8; lvl8_2; 514478; 7478; P2
105; 6; lvl6_3; 518489; 1489; P1
106; 6; lvl6_3; 522168; 5168; P2
107; 8; lvl8_5; 527309; 309; P1
108; 8; lvl8_5; 532158; 5158; P2
109; 7; lvl7_6; 537487; 487; P1
110; 7; lvl7_6; 542990; 5990; P2
111; 2; lvl2_4; 547728; 728; P1
112; 2; lvl2_4; 552111; 5111; P2
113; 8; lvl8_3; 557254; 254; P1
114; 8; lvl8_3; 562187; 5187; P2
115; 1; lvl1_3; 567208; 208; P1
116; 1; lvl1_3; 572297; 5297; P2
117; 8; lvl8_6; 577243; 243; P1
118; 8; lvl8_6; 582838; 5838; P2
119; 4; lvl4_2; 587912; 912; P1
120; 4; lvl4_2; 593095; 6095; P2
--17-Oct-2010 17:31:11
Researcher: Default Researcher
Subject: Unnamed
1; 5; lvl5_1; 0; 3000; P1
2; 5; lvl5_1; 3524; 6524; P2
3; 2; lvl2_5; 7333; 333; P1
4; 2; lvl2_5; 12750; 5750; P2
5; 7; lvl7_2; 17378; 378; P1
6; 7; lvl7_2; 23059; 6059; P2
7; 4; lvl4_3; 29003; 2003; P1
8; 4; lvl4_3; 33832; 6832; P2
9; 4; lvl4_4; 37579; 579; P1
10; 4; lvl4_4; 42369; 5369; P2
11; 7; lvl7_5; 47511; 511; P1
12; 7; lvl7_5; 53066; 6066; P2
13; 9; lvl9_6; 57460; 460; P1
14; 9; lvl9_6; 62554; 5554; P2
15; 6; lvl6_6; 68552; 1552; P1
16; 6; lvl6_6; 72200; 5200; P2
17; 6; lvl6_3; 77544; 544; P1
18; 6; lvl6_3; 82241; 5241; P2
19; 8; lvl8_2; 87259; 259; P1
20; 8; lvl8_2; 92411; 5411; P2
21; 10; lvl10_1; 98252; 1252; P1
22; 10; lvl10_1; 103287; 6287; P2
23; 3; lvl3_6; 107918; 918; P1
24; 3; lvl3_6; 113370; 6370; P2
25; 8; lvl8_6; 118264; 1264; P1
26; 8; lvl8_6; 123485; 6485; P2
27; 3; lvl3_1; 127784; 784; P1
28; 3; lvl3_1; 132238; 5238; P2
29; 1; lvl1_2; 138023; 1023; P1
30; 1; lvl1_2; 142654; 5654; P2
31; 5; lvl5_4; 147447; 447; P1
32; 5; lvl5_4; 152149; 5149; P2
33; 2; lvl2_6; 157990; 990; P1
34; 2; lvl2_6; 163398; 6398; P2
35; 6; lvl6_1; 168253; 1253; P1
36; 6; lvl6_1; 173017; 6017; P2
37; 10; lvl10_3; 177345; 345; P1
38; 10; lvl10_3; 183244; 6244; P2
39; 4; lvl4_2; 187255; 255; P1
40; 4; lvl4_2; 193176; 6176; P2
41; 9; lvl9_1; 198012; 1012; P1
42; 9; lvl9_1; 202191; 5191; P2
43; 9; lvl9_5; 207540; 540; P1
44; 9; lvl9_5; 212277; 5277; P2
45; 6; lvl6_2; 217925; 925; P1
46; 6; lvl6_2; 223791; 6791; P2
47; 9; lvl9_3; 228237; 1237; P1
48; 9; lvl9_3; 233719; 6719; P2
49; 4; lvl4_1; 238929; 1929; P1
50; 4; lvl4_1; 244327; 7327; P2
51; 2; lvl2_4; 249020; 2020; P1
52; 2; lvl2_4; 252243; 5243; P2
53; 1; lvl1_5; 258106; 1106; P1
54; 1; lvl1_5; 263904; 6904; P2
55; 3; lvl3_2; 267702; 702; P1
56; 3; lvl3_2; 272233; 5233; P2
57; 5; lvl5_5; 277612; 612; P1
58; 5; lvl5_5; 282106; 5106; P2
59; 7; lvl7_1; 287155; 155; P1
60; 7; lvl7_1; 293036; 6036; P2
61; 6; lvl6_5; 298124; 1124; P1
62; 6; lvl6_5; 303842; 6842; P2
63; 5; lvl5_6; 307996; 996; P1
64; 5; lvl5_6; 312875; 5875; P2
65; 1; lvl1_6; 317233; 233; P1
66; 1; lvl1_6; 322001; 5001; P2
67; 8; lvl8_5; 327366; 366; P1
68; 8; lvl8_5; 332488; 5488; P2
69; 3; lvl3_4; 337810; 810; P1
70; 3; lvl3_4; 342983; 5983; P2
71; 1; lvl1_3; 348933; 1933; P1
72; 1; lvl1_3; 354819; 7819; P2
73; 10; lvl10_2; 358668; 1668; P1
74; 10; lvl10_2; 363396; 6396; P2
75; 6; lvl6_4; 368808; 1808; P1
76; 6; lvl6_4; 374537; 7537; P2
77; 2; lvl2_2; 378035; 1035; P1
78; 2; lvl2_2; 382421; 5421; P2
79; 5; lvl5_2; 387757; 757; P1
80; 5; lvl5_2; 393298; 6298; P2
81; 7; lvl7_4; 397317; 317; P1
82; 7; lvl7_4; 403031; 6031; P2
83; 10; lvl10_4; 408959; 1959; P1
84; 10; lvl10_4; 413933; 6933; P2
85; 1; lvl1_1; 419432; 2432; P1
86; 1; lvl1_1; 425004; 8004; P2
87; 8; lvl8_3; 430704; 3704; P1
88; 8; lvl8_3; 434668; 7668; P2
89; 9; lvl9_2; 437846; 846; P1
90; 9; lvl9_2; 443053; 6053; P2
91; 10; lvl10_5; 447748; 748; P1
92; 10; lvl10_5; 453468; 6468; P2
93; 8; lvl8_4; 458252; 1252; P1
94; 8; lvl8_4; 463355; 6355; P2
95; 3; lvl3_5; 467626; 626; P1
96; 3; lvl3_5; 472252; 5252; P2
97; 3; lvl3_3; 478058; 1058; P1
98; 3; lvl3_3; 483595; 6595; P2
99; 2; lvl2_1; 487065; 65; P1
100; 2; lvl2_1; 492985; 5985; P2
101; 4; lvl4_5; 497396; 396; P1
102; 4; lvl4_5; 502159; 5159; P2
103; 9; lvl9_4; 507923; 923; P1
104; 9; lvl9_4; 512297; 5297; P2
105; 8; lvl8_1; 517612; 612; P1
106; 8; lvl8_1; 522913; 5913; P2
107; 4; lvl4_6; 528497; 1497; P1
108; 4; lvl4_6; 532152; 5152; P2
109; 7; lvl7_3; 537390; 390; P1
110; 7; lvl7_3; 543016; 6016; P2
111; 10; lvl10_6; 548180; 1180; P1
112; 10; lvl10_6; 553663; 6663; P2
113; 2; lvl2_3; 558865; 1865; P1
114; 2; lvl2_3; 563642; 6642; P2
115; 1; lvl1_4; 567941; 941; P1
116; 1; lvl1_4; 573002; 6002; P2
117; 7; lvl7_6; 578961; 1961; P1
118; 7; lvl7_6; 584902; 7902; P2
119; 5; lvl5_3; 589539; 2539; P1
120; 5; lvl5_3; 593094; 6094; P2
--17-Oct-2010 17:42:08
Researcher: Default Researcher
Subject: Unnamed
1; 9; lvl9_2; 0; 3000; P1
2; 9; lvl9_2; 3777; 6777; P2
3; 7; lvl7_5; 8956; 1956; P1
4; 7; lvl7_5; 14773; 7773; P2
5; 4; lvl4_3; 19475; 2475; P1
6; 4; lvl4_3; 24352; 7352; P2
7; 1; lvl1_6; 28397; 1397; P1
8; 1; lvl1_6; 33896; 6896; P2
9; 3; lvl3_6; 37951; 951; P1
10; 3; lvl3_6; 42659; 5659; P2
11; 8; lvl8_2; 47794; 794; P1
12; 8; lvl8_2; 53116; 6116; P2
13; 9; lvl9_4; 57465; 465; P1
14; 9; lvl9_4; 62810; 5810; P2
15; 9; lvl9_5; 67218; 218; P1
16; 9; lvl9_5; 72084; 5084; P2
17; 5; lvl5_3; 77777; 777; P1
18; 5; lvl5_3; 83070; 6070; P2
19; 6; lvl6_6; 88499; 1499; P1
20; 6; lvl6_6; 93723; 6723; P2
21; 6; lvl6_2; 97240; 240; P1
22; 6; lvl6_2; 102193; 5193; P2
23; 1; lvl1_4; 107283; 283; P1
24; 1; lvl1_4; 113146; 6146; P2
25; 8; lvl8_4; 117971; 971; P1
26; 8; lvl8_4; 123151; 6151; P2
27; 8; lvl8_3; 128826; 1826; P1
28; 8; lvl8_3; 132127; 5127; P2
29; 4; lvl4_5; 137521; 521; P1
30; 4; lvl4_5; 142217; 5217; P2
31; 9; lvl9_3; 147000; 0; P1
32; 9; lvl9_3; 152276; 5276; P2
33; 3; lvl3_4; 157128; 128; P1
34; 3; lvl3_4; 162121; 5121; P2
35; 2; lvl2_5; 167589; 589; P1
36; 2; lvl2_5; 173404; 6404; P2
37; 8; lvl8_1; 177670; 670; P1
38; 8; lvl8_1; 182482; 5482; P2
39; 10; lvl10_1; 187214; 214; P1
40; 10; lvl10_1; 192545; 5545; P2
41; 4; lvl4_4; 197481; 481; P1
42; 4; lvl4_4; 202578; 5578; P2
43; 4; lvl4_6; 207095; 95; P1
44; 4; lvl4_6; 212936; 5936; P2
45; 6; lvl6_1; 218692; 1692; P1
46; 6; lvl6_1; 222243; 5243; P2
47; 2; lvl2_4; 228110; 1110; P1
48; 2; lvl2_4; 232425; 5425; P2
49; 8; lvl8_6; 237874; 874; P1
50; 8; lvl8_6; 243263; 6263; P2
51; 8; lvl8_5; 248180; 1180; P1
52; 8; lvl8_5; 252130; 5130; P2
53; 3; lvl3_5; 257951; 951; P1
54; 3; lvl3_5; 262542; 5542; P2
55; 7; lvl7_4; 268433; 1433; P1
56; 7; lvl7_4; 272804; 5804; P2
57; 1; lvl1_3; 277505; 505; P1
58; 1; lvl1_3; 282642; 5642; P2
59; 6; lvl6_4; 287624; 624; P1
60; 6; lvl6_4; 292599; 5599; P2
61; 9; lvl9_1; 297510; 510; P1
62; 9; lvl9_1; 303226; 6226; P2
63; 4; lvl4_1; 307176; 176; P1
64; 4; lvl4_1; 312432; 5432; P2
65; 5; lvl5_1; 317989; 989; P1
66; 5; lvl5_1; 323734; 6734; P2
67; 2; lvl2_6; 329554; 2554; P1
68; 2; lvl2_6; 334194; 7194; P2
69; 10; lvl10_6; 337774; 774; P1
70; 10; lvl10_6; 342904; 5904; P2
71; 10; lvl10_2; 348690; 1690; P1
72; 10; lvl10_2; 353834; 6834; P2
73; 2; lvl2_2; 358310; 1310; P1
74; 2; lvl2_2; 362770; 5770; P2
75; 7; lvl7_6; 368612; 1612; P1
76; 7; lvl7_6; 373077; 6077; P2
77; 1; lvl1_5; 377387; 387; P1
78; 1; lvl1_5; 382282; 5282; P2
79; 5; lvl5_4; 388100; 1100; P1
80; 5; lvl5_4; 392030; 5030; P2
81; 1; lvl1_1; 397085; 85; P1
82; 1; lvl1_1; 402794; 5794; P2
83; 7; lvl7_3; 407940; 940; P1
84; 7; lvl7_3; 412623; 5623; P2
85; 6; lvl6_3; 418085; 1085; P1
86; 6; lvl6_3; 422162; 5162; P2
87; 10; lvl10_5; 427496; 496; P1
88; 10; lvl10_5; 433408; 6408; P2
89; 10; lvl10_3; 438074; 1074; P1
90; 10; lvl10_3; 442121; 5121; P2
91; 2; lvl2_1; 447533; 533; P1
92; 2; lvl2_1; 452886; 5886; P2
93; 6; lvl6_5; 457011; 11; P1
94; 6; lvl6_5; 462666; 5666; P2
95; 5; lvl5_6; 467703; 703; P1
96; 5; lvl5_6; 472858; 5858; P2
97; 7; lvl7_1; 478455; 1455; P1
98; 7; lvl7_1; 484099; 7099; P2
99; 2; lvl2_3; 487957; 957; P1
100; 2; lvl2_3; 493947; 6947; P2
101; 3; lvl3_2; 499655; 2655; P1
102; 3; lvl3_2; 503843; 6843; P2
103; 1; lvl1_2; 507702; 702; P1
104; 1; lvl1_2; 512313; 5313; P2
105; 3; lvl3_3; 517928; 928; P1
106; 3; lvl3_3; 523353; 6353; P2
107; 10; lvl10_4; 528673; 1673; P1
108; 10; lvl10_4; 534654; 7654; P2
109; 5; lvl5_5; 538454; 1454; P1
110; 5; lvl5_5; 543474; 6474; P2
111; 5; lvl5_2; 548707; 1707; P1
112; 5; lvl5_2; 552553; 5553; P2
113; 3; lvl3_1; 557374; 374; P1
114; 3; lvl3_1; 562411; 5411; P2
115; 9; lvl9_6; 567630; 630; P1
116; 9; lvl9_6; 572495; 5495; P2
117; 7; lvl7_2; 577334; 334; P1
118; 7; lvl7_2; 582872; 5872; P2
119; 4; lvl4_2; 587937; 937; P1
120; 4; lvl4_2; 593467; 6467; P2
--17-Oct-2010 18:00:44
Researcher: Default Researcher
Subject: Unnamed
1; 8; lvl8_2; 0; 3000; P1
2; 8; lvl8_2; 4998; 7998; P2
3; 5; lvl5_2; 8915; 1915; P1
4; 5; lvl5_2; 13485; 6485; P2
5; 4; lvl4_1; 17522; 522; P1
6; 4; lvl4_1; 22651; 5651; P2
7; 3; lvl3_3; 27094; 94; P1
8; 3; lvl3_3; 32657; 5657; P2
9; 9; lvl9_2; 38561; 1561; P1
10; 9; lvl9_2; 42400; 5400; P2
11; 10; lvl10_2; 47171; 171; P1
12; 10; lvl10_2; 52534; 5534; P2
13; 2; lvl2_1; 57047; 47; P1
14; 2; lvl2_1; 62480; 5480; P2
15; 2; lvl2_2; 68204; 1204; P1
16; 2; lvl2_2; 73233; 6233; P2
17; 8; lvl8_3; 79058; 2058; P1
18; 8; lvl8_3; 83224; 6224; P2
19; 8; lvl8_6; 88333; 1333; P1
20; 8; lvl8_6; 93077; 6077; P2
21; 4; lvl4_2; 98923; 1923; P1
22; 4; lvl4_2; 102129; 5129; P2
23; 6; lvl6_2; 107032; 32; P1
24; 6; lvl6_2; 112800; 5800; P2
25; 6; lvl6_3; 117894; 894; P1
26; 6; lvl6_3; 123828; 6828; P2
27; 1; lvl1_3; 128332; 1332; P1
28; 1; lvl1_3; 133520; 6520; P2
29; 5; lvl5_3; 138056; 1056; P1
30; 5; lvl5_3; 142325; 5325; P2
31; 6; lvl6_1; 147608; 608; P1
32; 6; lvl6_1; 152104; 5104; P2
33; 9; lvl9_6; 157259; 259; P1
34; 9; lvl9_6; 162055; 5055; P2
35; 7; lvl7_2; 167607; 607; P1
36; 7; lvl7_2; 172817; 5817; P2
37; 8; lvl8_4; 177966; 966; P1
38; 8; lvl8_4; 182590; 5590; P2
39; 7; lvl7_6; 187420; 420; P1
40; 7; lvl7_6; 192026; 5026; P2
41; 2; lvl2_6; 197439; 439; P1
42; 2; lvl2_6; 202955; 5955; P2
43; 10; lvl10_1; 207426; 426; P1
44; 10; lvl10_1; 212876; 5876; P2
45; 2; lvl2_5; 218200; 1200; P1
46; 2; lvl2_5; 222747; 5747; P2
47; 10; lvl10_6; 227739; 739; P1
48; 10; lvl10_6; 232036; 5036; P2
49; 1; lvl1_6; 237029; 29; P1
50; 1; lvl1_6; 242817; 5817; P2
51; 4; lvl4_3; 247151; 151; P1
52; 4; lvl4_3; 252169; 5169; P2
53; 1; lvl1_5; 257388; 388; P1
54; 1; lvl1_5; 263151; 6151; P2
55; 5; lvl5_6; 269137; 2137; P1
56; 5; lvl5_6; 273517; 6517; P2
57; 7; lvl7_1; 277122; 122; P1
58; 7; lvl7_1; 282695; 5695; P2
59; 10; lvl10_5; 287348; 348; P1
60; 10; lvl10_5; 292844; 5844; P2
61; 5; lvl5_5; 297930; 930; P1
62; 5; lvl5_5; 303726; 6726; P2
63; 1; lvl1_2; 307310; 310; P1
64; 1; lvl1_2; 313300; 6300; P2
65; 5; lvl5_1; 317786; 786; P1
66; 5; lvl5_1; 323080; 6080; P2
67; 3; lvl3_2; 328911; 1911; P1
68; 3; lvl3_2; 333036; 6036; P2
69; 9; lvl9_5; 339013; 2013; P1
70; 9; lvl9_5; 344142; 7142; P2
71; 6; lvl6_4; 348516; 1516; P1
72; 6; lvl6_4; 352720; 5720; P2
73; 3; lvl3_6; 357145; 145; P1
74; 3; lvl3_6; 362118; 5118; P2
75; 3; lvl3_1; 367459; 459; P1
76; 3; lvl3_1; 373211; 6211; P2
77; 9; lvl9_1; 378328; 1328; P1
78; 9; lvl9_1; 382792; 5792; P2
79; 9; lvl9_3; 388528; 1528; P1
80; 9; lvl9_3; 394240; 7240; P2
81; 9; lvl9_4; 397972; 972; P1
82; 9; lvl9_4; 402609; 5609; P2
83; 8; lvl8_5; 408598; 1598; P1
84; 8; lvl8_5; 413878; 6878; P2
85; 10; lvl10_4; 418660; 1660; P1
86; 10; lvl10_4; 422020; 5020; P2
87; 7; lvl7_5; 427040; 40; P1
88; 7; lvl7_5; 432389; 5389; P2
89; 1; lvl1_1; 437316; 316; P1
90; 1; lvl1_1; 443211; 6211; P2
91; 4; lvl4_5; 449159; 2159; P1
92; 4; lvl4_5; 453630; 6630; P2
93; 4; lvl4_6; 459024; 2024; P1
94; 4; lvl4_6; 464618; 7618; P2
95; 8; lvl8_1; 470011; 3011; P1
96; 8; lvl8_1; 475127; 8127; P2
97; 5; lvl5_4; 478694; 1694; P1
98; 5; lvl5_4; 484671; 7671; P2
99; 1; lvl1_4; 490336; 3336; P1
100; 1; lvl1_4; 495912; 8912; P2
101; 3; lvl3_4; 499042; 2042; P1
102; 3; lvl3_4; 502727; 5727; P2
103; 6; lvl6_6; 508726; 1726; P1
104; 6; lvl6_6; 514559; 7559; P2
105; 4; lvl4_4; 520255; 3255; P1
106; 4; lvl4_4; 523964; 6964; P2
107; 7; lvl7_3; 527385; 385; P1
108; 7; lvl7_3; 532608; 5608; P2
109; 2; lvl2_3; 537735; 735; P1
110; 2; lvl2_3; 542471; 5471; P2
111; 10; lvl10_3; 547284; 284; P1
112; 10; lvl10_3; 552791; 5791; P2
113; 2; lvl2_4; 557193; 193; P1
114; 2; lvl2_4; 563070; 6070; P2
115; 6; lvl6_5; 567084; 84; P1
116; 6; lvl6_5; 572765; 5765; P2
117; 7; lvl7_4; 577744; 744; P1
118; 7; lvl7_4; 583436; 6436; P2
119; 3; lvl3_5; 587006; 6; P1
120; 3; lvl3_5; 592065; 5065; P2
--20-Oct-2010 23:58:09
Researcher: Default Researcher
Subject: Unnamed
1; 10; lvl10_6; 0; 3000; P1
2; 10; lvl10_6; 3386; 6386; P2
3; 3; lvl3_5; 7470; 470; P1
4; 3; lvl3_5; 12469; 5469; P2
5; 2; lvl2_4; 18115; 1115; P1
6; 2; lvl2_4; 22516; 5516; P2
7; 6; lvl6_2; 27915; 915; P1
8; 6; lvl6_2; 33485; 6485; P2
9; 7; lvl7_4; 37811; 811; P1
10; 7; lvl7_4; 43414; 6414; P2
11; 2; lvl2_5; 47703; 703; P1
12; 2; lvl2_5; 53618; 6618; P2
13; 10; lvl10_5; 58234; 1234; P1
14; 10; lvl10_5; 63859; 6859; P2
15; 2; lvl2_2; 67536; 536; P1
16; 2; lvl2_2; 72717; 5717; P2
17; 6; lvl6_1; 77451; 451; P1
18; 6; lvl6_1; 83010; 6010; P2
19; 5; lvl5_3; 88029; 1029; P1
20; 5; lvl5_3; 92784; 5784; P2
21; 8; lvl8_6; 98409; 1409; P1
22; 8; lvl8_6; 102293; 5293; P2
23; 5; lvl5_4; 107622; 622; P1
24; 5; lvl5_4; 112471; 5471; P2
25; 9; lvl9_3; 118340; 1340; P1
26; 9; lvl9_3; 122788; 5788; P2
27; 4; lvl4_2; 128723; 1723; P1
28; 4; lvl4_2; 132123; 5123; P2
29; 1; lvl1_5; 137940; 940; P1
30; 1; lvl1_5; 143694; 6694; P2
31; 4; lvl4_4; 147688; 688; P1
32; 4; lvl4_4; 153190; 6190; P2
33; 6; lvl6_3; 158272; 1272; P1
34; 6; lvl6_3; 163835; 6835; P2
35; 10; lvl10_3; 167610; 610; P1
36; 10; lvl10_3; 173484; 6484; P2
37; 4; lvl4_1; 178098; 1098; P1
38; 4; lvl4_1; 183500; 6500; P2
39; 7; lvl7_1; 189402; 2402; P1
40; 7; lvl7_1; 194590; 7590; P2
41; 7; lvl7_6; 200089; 3089; P1
42; 7; lvl7_6; 203179; 6179; P2
43; 1; lvl1_4; 208152; 1152; P1
44; 1; lvl1_4; 212229; 5229; P2
45; 9; lvl9_2; 217797; 797; P1
46; 9; lvl9_2; 222029; 5029; P2
47; 1; lvl1_3; 227237; 237; P1
48; 1; lvl1_3; 232943; 5943; P2
49; 5; lvl5_6; 238179; 1179; P1
50; 5; lvl5_6; 244032; 7032; P2
51; 3; lvl3_6; 249917; 2917; P1
52; 3; lvl3_6; 254855; 7855; P2
53; 8; lvl8_3; 259368; 2368; P1
54; 8; lvl8_3; 262424; 5424; P2
55; 6; lvl6_6; 267651; 651; P1
56; 6; lvl6_6; 273537; 6537; P2
57; 2; lvl2_6; 278215; 1215; P1
58; 2; lvl2_6; 282915; 5915; P2
59; 8; lvl8_5; 287316; 316; P1
60; 8; lvl8_5; 292742; 5742; P2
61; 9; lvl9_1; 297266; 266; P1
62; 9; lvl9_1; 303209; 6209; P2
63; 7; lvl7_5; 307551; 551; P1
64; 7; lvl7_5; 313276; 6276; P2
65; 5; lvl5_2; 317360; 360; P1
66; 5; lvl5_2; 322859; 5859; P2
67; 4; lvl4_3; 327258; 258; P1
68; 4; lvl4_3; 332729; 5729; P2
69; 8; lvl8_2; 337544; 544; P1
70; 8; lvl8_2; 342102; 5102; P2
71; 6; lvl6_4; 347927; 927; P1
72; 6; lvl6_4; 353910; 6910; P2
73; 1; lvl1_2; 359142; 2142; P1
74; 1; lvl1_2; 365055; 8055; P2
75; 5; lvl5_5; 369921; 2921; P1
76; 5; lvl5_5; 375201; 8201; P2
77; 1; lvl1_6; 378751; 1751; P1
78; 1; lvl1_6; 384615; 7615; P2
79; 2; lvl2_1; 390590; 3590; P1
80; 2; lvl2_1; 394382; 7382; P2
81; 2; lvl2_3; 400026; 3026; P1
82; 2; lvl2_3; 403552; 6552; P2
83; 7; lvl7_2; 407138; 138; P1
84; 7; lvl7_2; 412108; 5108; P2
85; 9; lvl9_5; 418046; 1046; P1
86; 9; lvl9_5; 422397; 5397; P2
87; 6; lvl6_5; 428272; 1272; P1
88; 6; lvl6_5; 432079; 5079; P2
89; 4; lvl4_6; 437277; 277; P1
90; 4; lvl4_6; 442562; 5562; P2
91; 10; lvl10_1; 447641; 641; P1
92; 10; lvl10_1; 453301; 6301; P2
93; 3; lvl3_4; 457223; 223; P1
94; 3; lvl3_4; 462210; 5210; P2
95; 9; lvl9_6; 467530; 530; P1
96; 9; lvl9_6; 473495; 6495; P2
97; 3; lvl3_3; 479245; 2245; P1
98; 3; lvl3_3; 484277; 7277; P2
99; 10; lvl10_4; 490124; 3124; P1
100; 10; lvl10_4; 494859; 7859; P2
101; 4; lvl4_5; 498905; 1905; P1
102; 4; lvl4_5; 502695; 5695; P2
103; 5; lvl5_1; 507691; 691; P1
104; 5; lvl5_1; 512824; 5824; P2
105; 3; lvl3_1; 518310; 1310; P1
106; 3; lvl3_1; 522994; 5994; P2
107; 10; lvl10_2; 528735; 1735; P1
108; 10; lvl10_2; 533233; 6233; P2
109; 7; lvl7_3; 537848; 848; P1
110; 7; lvl7_3; 543449; 6449; P2
111; 1; lvl1_1; 547405; 405; P1
112; 1; lvl1_1; 553151; 6151; P2
113; 3; lvl3_2; 557703; 703; P1
114; 3; lvl3_2; 562756; 5756; P2
115; 8; lvl8_4; 567273; 273; P1
116; 8; lvl8_4; 572386; 5386; P2
117; 8; lvl8_1; 577232; 232; P1
118; 8; lvl8_1; 582172; 5172; P2
119; 9; lvl9_4; 587979; 979; P1
120; 9; lvl9_4; 593421; 6421; P2
--20-Oct-2010 23:59:32
Researcher: Default Researcher
Subject: Unnamed
1; 5; lvl5_1; 0; 3000; P1
2; 5; lvl5_1; 5222; 8222; P2
3; 5; lvl5_5; 8789; 1789; P1
4; 5; lvl5_5; 14625; 7625; P2
5; 7; lvl7_2; 18822; 1822; P1
6; 7; lvl7_2; 24215; 7215; P2
7; 9; lvl9_6; 29530; 2530; P1
8; 9; lvl9_6; 35205; 8205; P2
9; 10; lvl10_2; 38882; 1882; P1
10; 10; lvl10_2; 44188; 7188; P2
11; 5; lvl5_2; 47570; 570; P1
12; 5; lvl5_2; 53310; 6310; P2
13; 8; lvl8_3; 57940; 940; P1
14; 8; lvl8_3; 63037; 6037; P2
15; 8; lvl8_5; 67823; 823; P1
16; 8; lvl8_5; 73498; 6498; P2
17; 10; lvl10_3; 77699; 699; P1
18; 10; lvl10_3; 82967; 5967; P2
19; 1; lvl1_3; 88247; 1247; P1
20; 1; lvl1_3; 93792; 6792; P2
21; 3; lvl3_6; 98542; 1542; P1
22; 3; lvl3_6; 102224; 5224; P2
23; 7; lvl7_1; 107075; 75; P1
24; 7; lvl7_1; 112989; 5989; P2
25; 3; lvl3_3; 117262; 262; P1
26; 3; lvl3_3; 123210; 6210; P2
27; 2; lvl2_3; 127148; 148; P1
28; 2; lvl2_3; 132366; 5366; P2
29; 2; lvl2_4; 137441; 441; P1
30; 2; lvl2_4; 143213; 6213; P2
31; 1; lvl1_6; 147821; 821; P1
32; 1; lvl1_6; 152797; 5797; P2
33; 3; lvl3_5; 157855; 855; P1
34; 3; lvl3_5; 162398; 5398; P2
35; 6; lvl6_4; 167402; 402; P1
36; 6; lvl6_4; 172157; 5157; P2
37; 1; lvl1_5; 177047; 47; P1
38; 1; lvl1_5; 182515; 5515; P2
39; 5; lvl5_3; 187891; 891; P1
40; 5; lvl5_3; 193277; 6277; P2
41; 4; lvl4_1; 197920; 920; P1
42; 4; lvl4_1; 202386; 5386; P2
43; 6; lvl6_5; 207427; 427; P1
44; 6; lvl6_5; 212750; 5750; P2
45; 3; lvl3_4; 217150; 150; P1
46; 3; lvl3_4; 222668; 5668; P2
47; 7; lvl7_5; 228039; 1039; P1
48; 7; lvl7_5; 234019; 7019; P2
49; 7; lvl7_3; 237194; 194; P1
50; 7; lvl7_3; 242038; 5038; P2
51; 9; lvl9_5; 247567; 567; P1
52; 9; lvl9_5; 253138; 6138; P2
53; 4; lvl4_6; 258620; 1620; P1
54; 4; lvl4_6; 262610; 5610; P2
55; 6; lvl6_1; 268544; 1544; P1
56; 6; lvl6_1; 273115; 6115; P2
57; 10; lvl10_5; 277297; 297; P1
58; 10; lvl10_5; 282763; 5763; P2
59; 8; lvl8_1; 287726; 726; P1
60; 8; lvl8_1; 292494; 5494; P2
61; 3; lvl3_1; 298086; 1086; P1
62; 3; lvl3_1; 303823; 6823; P2
63; 5; lvl5_4; 309167; 2167; P1
64; 5; lvl5_4; 314552; 7552; P2
65; 10; lvl10_4; 318938; 1938; P1
66; 10; lvl10_4; 324325; 7325; P2
67; 7; lvl7_6; 328480; 1480; P1
68; 7; lvl7_6; 332214; 5214; P2
69; 2; lvl2_1; 337213; 213; P1
70; 2; lvl2_1; 343017; 6017; P2
71; 8; lvl8_6; 347043; 43; P1
72; 8; lvl8_6; 352361; 5361; P2
73; 4; lvl4_3; 357458; 458; P1
74; 4; lvl4_3; 362512; 5512; P2
75; 6; lvl6_2; 367564; 564; P1
76; 6; lvl6_2; 373209; 6209; P2
77; 6; lvl6_6; 378705; 1705; P1
78; 6; lvl6_6; 382344; 5344; P2
79; 9; lvl9_3; 387752; 752; P1
80; 9; lvl9_3; 393191; 6191; P2
81; 4; lvl4_4; 397401; 401; P1
82; 4; lvl4_4; 402283; 5283; P2
83; 4; lvl4_2; 407786; 786; P1
84; 4; lvl4_2; 413204; 6204; P2
85; 5; lvl5_6; 417195; 195; P1
86; 5; lvl5_6; 423066; 6066; P2
87; 10; lvl10_1; 427658; 658; P1
88; 10; lvl10_1; 432929; 5929; P2
89; 8; lvl8_2; 437613; 613; P1
90; 8; lvl8_2; 443409; 6409; P2
91; 9; lvl9_4; 447398; 398; P1
92; 9; lvl9_4; 452871; 5871; P2
93; 1; lvl1_4; 457637; 637; P1
94; 1; lvl1_4; 462712; 5712; P2
95; 7; lvl7_4; 468001; 1001; P1
96; 7; lvl7_4; 473782; 6782; P2
97; 9; lvl9_2; 478973; 1973; P1
98; 9; lvl9_2; 484935; 7935; P2
99; 2; lvl2_6; 490714; 3714; P1
100; 2; lvl2_6; 494468; 7468; P2
101; 9; lvl9_1; 499685; 2685; P1
102; 9; lvl9_1; 503356; 6356; P2
103; 3; lvl3_2; 508189; 1189; P1
104; 3; lvl3_2; 512104; 5104; P2
105; 8; lvl8_4; 517558; 558; P1
106; 8; lvl8_4; 522042; 5042; P2
107; 2; lvl2_5; 527581; 581; P1
108; 2; lvl2_5; 532035; 5035; P2
109; 2; lvl2_2; 537422; 422; P1
110; 2; lvl2_2; 542602; 5602; P2
111; 10; lvl10_6; 547225; 225; P1
112; 10; lvl10_6; 553083; 6083; P2
113; 6; lvl6_3; 557490; 490; P1
114; 6; lvl6_3; 562814; 5814; P2
115; 1; lvl1_1; 567785; 785; P1
116; 1; lvl1_1; 572507; 5507; P2
117; 4; lvl4_5; 577062; 62; P1
118; 4; lvl4_5; 582229; 5229; P2
119; 1; lvl1_2; 587654; 654; P1
120; 1; lvl1_2; 592079; 5079; P2
--28-Oct-2010 00:38:30
Researcher: Default Researcher
Subject: Unnamed
1; 10; lvl10_6; 0; 3000; P1
2; 10; lvl10_6; 3305; 6305; P2
3; 6; lvl6_1; 8506; 1506; P1
4; 6; lvl6_1; 14452; 7452; P2
5; 7; lvl7_6; 18766; 1766; P1
6; 7; lvl7_6; 23881; 6881; P2
7; 8; lvl8_3; 28054; 1054; P1
8; 8; lvl8_3; 33581; 6581; P2
9; 8; lvl8_4; 37241; 241; P1
10; 8; lvl8_4; 43041; 6041; P2
11; 2; lvl2_5; 48117; 1117; P1
12; 2; lvl2_5; 52571; 5571; P2
13; 4; lvl4_5; 58346; 1346; P1
14; 4; lvl4_5; 63015; 6015; P2
15; 2; lvl2_4; 67020; 20; P1
16; 2; lvl2_4; 73003; 6003; P2
17; 1; lvl1_4; 77612; 612; P1
18; 1; lvl1_4; 82642; 5642; P2
19; 2; lvl2_2; 87667; 667; P1
20; 2; lvl2_2; 92316; 5316; P2
21; 3; lvl3_1; 98171; 1171; P1
22; 3; lvl3_1; 102643; 5643; P2
23; 4; lvl4_4; 108046; 1046; P1
24; 4; lvl4_4; 113879; 6879; P2
25; 9; lvl9_1; 118116; 1116; P1
26; 9; lvl9_1; 123801; 6801; P2
27; 3; lvl3_3; 129611; 2611; P1
28; 3; lvl3_3; 133828; 6828; P2
29; 5; lvl5_1; 137174; 174; P1
30; 5; lvl5_1; 142594; 5594; P2
31; 8; lvl8_6; 148447; 1447; P1
32; 8; lvl8_6; 153780; 6780; P2
33; 4; lvl4_2; 158942; 1942; P1
34; 4; lvl4_2; 164638; 7638; P2
35; 2; lvl2_1; 167656; 656; P1
36; 2; lvl2_1; 172891; 5891; P2
37; 7; lvl7_2; 177443; 443; P1
38; 7; lvl7_2; 182189; 5189; P2
39; 6; lvl6_6; 187497; 497; P1
40; 6; lvl6_6; 192831; 5831; P2
41; 10; lvl10_4; 197617; 617; P1
42; 10; lvl10_4; 203058; 6058; P2
43; 10; lvl10_1; 207344; 344; P1
44; 10; lvl10_1; 212023; 5023; P2
45; 7; lvl7_3; 217258; 258; P1
46; 7; lvl7_3; 222726; 5726; P2
47; 2; lvl2_3; 227750; 750; P1
48; 2; lvl2_3; 232823; 5823; P2
49; 10; lvl10_5; 237034; 34; P1
50; 10; lvl10_5; 242146; 5146; P2
51; 6; lvl6_3; 247373; 373; P1
52; 6; lvl6_3; 252854; 5854; P2
53; 1; lvl1_1; 258851; 1851; P1
54; 1; lvl1_1; 262608; 5608; P2
55; 9; lvl9_3; 267845; 845; P1
56; 9; lvl9_3; 273554; 6554; P2
57; 3; lvl3_2; 279250; 2250; P1
58; 3; lvl3_2; 282716; 5716; P2
59; 9; lvl9_2; 287887; 887; P1
60; 9; lvl9_2; 293724; 6724; P2
61; 8; lvl8_5; 297716; 716; P1
62; 8; lvl8_5; 302484; 5484; P2
63; 5; lvl5_4; 307671; 671; P1
64; 5; lvl5_4; 312737; 5737; P2
65; 3; lvl3_6; 317867; 867; P1
66; 3; lvl3_6; 322366; 5366; P2
67; 1; lvl1_3; 328288; 1288; P1
68; 1; lvl1_3; 333633; 6633; P2
69; 5; lvl5_5; 339605; 2605; P1
70; 5; lvl5_5; 343953; 6953; P2
71; 4; lvl4_6; 347747; 747; P1
72; 4; lvl4_6; 352287; 5287; P2
73; 5; lvl5_6; 358089; 1089; P1
74; 5; lvl5_6; 362473; 5473; P2
75; 7; lvl7_1; 367375; 375; P1
76; 7; lvl7_1; 372242; 5242; P2
77; 7; lvl7_5; 378094; 1094; P1
78; 7; lvl7_5; 383221; 6221; P2
79; 3; lvl3_5; 387330; 330; P1
80; 3; lvl3_5; 392162; 5162; P2
81; 8; lvl8_1; 397240; 240; P1
82; 8; lvl8_1; 402953; 5953; P2
83; 1; lvl1_2; 408165; 1165; P1
84; 1; lvl1_2; 414048; 7048; P2
85; 10; lvl10_3; 417987; 987; P1
86; 10; lvl10_3; 422655; 5655; P2
87; 3; lvl3_4; 427569; 569; P1
88; 3; lvl3_4; 433333; 6333; P2
89; 8; lvl8_2; 437086; 86; P1
90; 8; lvl8_2; 442519; 5519; P2
91; 5; lvl5_2; 447493; 493; P1
92; 5; lvl5_2; 452032; 5032; P2
93; 5; lvl5_3; 457566; 566; P1
94; 5; lvl5_3; 462820; 5820; P2
95; 7; lvl7_4; 468274; 1274; P1
96; 7; lvl7_4; 473701; 6701; P2
97; 1; lvl1_6; 477908; 908; P1
98; 1; lvl1_6; 483328; 6328; P2
99; 6; lvl6_5; 487297; 297; P1
100; 6; lvl6_5; 492843; 5843; P2
101; 9; lvl9_6; 497747; 747; P1
102; 9; lvl9_6; 502220; 5220; P2
103; 6; lvl6_2; 507887; 887; P1
104; 6; lvl6_2; 512561; 5561; P2
105; 9; lvl9_5; 518462; 1462; P1
106; 9; lvl9_5; 523971; 6971; P2
107; 4; lvl4_1; 529055; 2055; P1
108; 4; lvl4_1; 534175; 7175; P2
109; 4; lvl4_3; 537475; 475; P1
110; 4; lvl4_3; 542850; 5850; P2
111; 6; lvl6_4; 547761; 761; P1
112; 6; lvl6_4; 553710; 6710; P2
113; 1; lvl1_5; 559547; 2547; P1
114; 1; lvl1_5; 564313; 7313; P2
115; 10; lvl10_2; 568677; 1677; P1
116; 10; lvl10_2; 573774; 6774; P2
117; 9; lvl9_4; 577740; 740; P1
118; 9; lvl9_4; 582670; 5670; P2
119; 2; lvl2_6; 587843; 843; P1
120; 2; lvl2_6; 592127; 5127; P2
--29-Oct-2010 17:41:13
Researcher: Default Researcher
Subject: Unnamed
1; 1; lvl1_3; 0; 3000; P1
2; 1; lvl1_3; 4862; 7862; P2
3; 7; lvl7_5; 10837; 3837; P1
4; 7; lvl7_5; 15991; 8991; P2
5; 1; lvl1_6; 20559; 3559; P1
6; 1; lvl1_6; 23669; 6669; P2
7; 5; lvl5_2; 27087; 87; P1
8; 5; lvl5_2; 32516; 5516; P2
9; 3; lvl3_1; 38289; 1289; P1
10; 3; lvl3_1; 43276; 6276; P2
11; 1; lvl1_1; 47299; 299; P1
12; 1; lvl1_1; 52836; 5836; P2
13; 6; lvl6_6; 58815; 1815; P1
14; 6; lvl6_6; 62607; 5607; P2
15; 7; lvl7_1; 67636; 636; P1
16; 7; lvl7_1; 72415; 5415; P2
17; 3; lvl3_6; 77130; 130; P1
18; 3; lvl3_6; 82813; 5813; P2
19; 2; lvl2_1; 88416; 1416; P1
20; 2; lvl2_1; 92412; 5412; P2
21; 4; lvl4_1; 97304; 304; P1
22; 4; lvl4_1; 102693; 5693; P2
23; 1; lvl1_4; 108526; 1526; P1
24; 1; lvl1_4; 112899; 5899; P2
25; 9; lvl9_5; 118128; 1128; P1
26; 9; lvl9_5; 123470; 6470; P2
27; 2; lvl2_2; 128389; 1389; P1
28; 2; lvl2_2; 132484; 5484; P2
29; 4; lvl4_5; 137137; 137; P1
30; 4; lvl4_5; 142729; 5729; P2
31; 2; lvl2_3; 147273; 273; P1
32; 2; lvl2_3; 153124; 6124; P2
33; 10; lvl10_4; 158238; 1238; P1
34; 10; lvl10_4; 163111; 6111; P2
35; 5; lvl5_3; 168950; 1950; P1
36; 5; lvl5_3; 174490; 7490; P2
37; 9; lvl9_1; 179359; 2359; P1
38; 9; lvl9_1; 183191; 6191; P2
39; 6; lvl6_1; 188616; 1616; P1
40; 6; lvl6_1; 192331; 5331; P2
41; 7; lvl7_2; 197142; 142; P1
42; 7; lvl7_2; 203120; 6120; P2
43; 5; lvl5_5; 207583; 583; P1
44; 5; lvl5_5; 212492; 5492; P2
45; 5; lvl5_1; 217876; 876; P1
46; 5; lvl5_1; 222041; 5041; P2
47; 10; lvl10_1; 227438; 438; P1
48; 10; lvl10_1; 232126; 5126; P2
49; 10; lvl10_5; 237782; 782; P1
50; 10; lvl10_5; 243477; 6477; P2
51; 4; lvl4_6; 247607; 607; P1
52; 4; lvl4_6; 252187; 5187; P2
53; 4; lvl4_3; 258136; 1136; P1
54; 4; lvl4_3; 262264; 5264; P2
55; 4; lvl4_2; 267329; 329; P1
56; 4; lvl4_2; 272873; 5873; P2
57; 9; lvl9_3; 278804; 1804; P1
58; 9; lvl9_3; 282176; 5176; P2
59; 10; lvl10_6; 287650; 650; P1
60; 10; lvl10_6; 293308; 6308; P2
61; 8; lvl8_1; 298986; 1986; P1
62; 8; lvl8_1; 302597; 5597; P2
63; 7; lvl7_4; 307702; 702; P1
64; 7; lvl7_4; 313685; 6685; P2
65; 3; lvl3_5; 317626; 626; P1
66; 3; lvl3_5; 323326; 6326; P2
67; 9; lvl9_2; 329052; 2052; P1
68; 9; lvl9_2; 332371; 5371; P2
69; 9; lvl9_4; 338268; 1268; P1
70; 9; lvl9_4; 343484; 6484; P2
71; 6; lvl6_5; 347225; 225; P1
72; 6; lvl6_5; 352340; 5340; P2
73; 2; lvl2_6; 357593; 593; P1
74; 2; lvl2_6; 362560; 5560; P2
75; 8; lvl8_5; 368423; 1423; P1
76; 8; lvl8_5; 372886; 5886; P2
77; 1; lvl1_2; 378396; 1396; P1
78; 1; lvl1_2; 382880; 5880; P2
79; 3; lvl3_4; 387327; 327; P1
80; 3; lvl3_4; 392243; 5243; P2
81; 2; lvl2_4; 397360; 360; P1
82; 2; lvl2_4; 402605; 5605; P2
83; 8; lvl8_4; 407111; 111; P1
84; 8; lvl8_4; 412548; 5548; P2
85; 7; lvl7_6; 417327; 327; P1
86; 7; lvl7_6; 422303; 5303; P2
87; 8; lvl8_3; 427539; 539; P1
88; 8; lvl8_3; 433166; 6166; P2
89; 5; lvl5_4; 437485; 485; P1
90; 5; lvl5_4; 442364; 5364; P2
91; 10; lvl10_3; 448031; 1031; P1
92; 10; lvl10_3; 452713; 5713; P2
93; 6; lvl6_3; 457311; 311; P1
94; 6; lvl6_3; 462183; 5183; P2
95; 4; lvl4_4; 467793; 793; P1
96; 4; lvl4_4; 472071; 5071; P2
97; 7; lvl7_3; 478015; 1015; P1
98; 7; lvl7_3; 483073; 6073; P2
99; 10; lvl10_2; 487168; 168; P1
100; 10; lvl10_2; 492698; 5698; P2
101; 6; lvl6_2; 498591; 1591; P1
102; 6; lvl6_2; 502684; 5684; P2
103; 1; lvl1_5; 508622; 1622; P1
104; 1; lvl1_5; 512701; 5701; P2
105; 8; lvl8_2; 517434; 434; P1
106; 8; lvl8_2; 522596; 5596; P2
107; 3; lvl3_2; 527578; 578; P1
108; 3; lvl3_2; 533528; 6528; P2
109; 8; lvl8_6; 537738; 738; P1
110; 8; lvl8_6; 542277; 5277; P2
111; 6; lvl6_4; 547688; 688; P1
112; 6; lvl6_4; 552514; 5514; P2
113; 5; lvl5_6; 558491; 1491; P1
114; 5; lvl5_6; 564058; 7058; P2
115; 3; lvl3_3; 569407; 2407; P1
116; 3; lvl3_3; 573385; 6385; P2
117; 2; lvl2_5; 577178; 178; P1
118; 2; lvl2_5; 582027; 5027; P2
119; 9; lvl9_6; 587124; 124; P1
120; 9; lvl9_6; 593018; 6018; P2
--29-Oct-2010 22:17:11
Researcher: Default Researcher
Subject: Unnamed
1; 6; lvl6_1; 0; 3000; P1
2; 6; lvl6_1; 5852; 8852; P2
3; 7; lvl7_5; 11213; 4213; P1
4; 7; lvl7_5; 17017; 10017; P2
5; 7; lvl7_4; 20871; 3871; P1
6; 7; lvl7_4; 26135; 9135; P2
7; 4; lvl4_6; 30758; 3758; P1
8; 4; lvl4_6; 35052; 8052; P2
9; 8; lvl8_5; 38847; 1847; P1
10; 8; lvl8_5; 43059; 6059; P2
11; 10; lvl10_1; 47720; 720; P1
12; 10; lvl10_1; 52521; 5521; P2
13; 9; lvl9_3; 57003; 3; P1
14; 9; lvl9_3; 62432; 5432; P2
15; 8; lvl8_6; 67977; 977; P1
16; 8; lvl8_6; 73835; 6835; P2
17; 8; lvl8_3; 79022; 2022; P1
18; 8; lvl8_3; 84341; 7341; P2
19; 10; lvl10_2; 87674; 674; P1
20; 10; lvl10_2; 92687; 5687; P2
21; 5; lvl5_6; 97375; 375; P1
22; 5; lvl5_6; 102101; 5101; P2
23; 10; lvl10_5; 107524; 524; P1
24; 10; lvl10_5; 112689; 5689; P2
25; 10; lvl10_4; 117791; 791; P1
26; 10; lvl10_4; 123667; 6667; P2
27; 5; lvl5_5; 127720; 720; P1
28; 5; lvl5_5; 132166; 5166; P2
29; 7; lvl7_1; 137037; 37; P1
30; 7; lvl7_1; 142871; 5871; P2
31; 1; lvl1_2; 147987; 987; P1
32; 1; lvl1_2; 153575; 6575; P2
33; 9; lvl9_5; 158067; 1067; P1
34; 9; lvl9_5; 164005; 7005; P2
35; 4; lvl4_5; 168766; 1766; P1
36; 4; lvl4_5; 172113; 5113; P2
37; 6; lvl6_3; 177330; 330; P1
38; 6; lvl6_3; 182396; 5396; P2
39; 3; lvl3_3; 188333; 1333; P1
40; 3; lvl3_3; 194005; 7005; P2
41; 2; lvl2_4; 198711; 1711; P1
42; 2; lvl2_4; 202972; 5972; P2
43; 2; lvl2_3; 207663; 663; P1
44; 2; lvl2_3; 213273; 6273; P2
45; 10; lvl10_3; 218436; 1436; P1
46; 10; lvl10_3; 222493; 5493; P2
47; 1; lvl1_6; 228189; 1189; P1
48; 1; lvl1_6; 232779; 5779; P2
49; 3; lvl3_4; 238475; 1475; P1
50; 3; lvl3_4; 243228; 6228; P2
51; 2; lvl2_2; 248078; 1078; P1
52; 2; lvl2_2; 253499; 6499; P2
53; 4; lvl4_2; 258092; 1092; P1
54; 4; lvl4_2; 262820; 5820; P2
55; 8; lvl8_4; 268033; 1033; P1
56; 8; lvl8_4; 272890; 5890; P2
57; 7; lvl7_3; 278233; 1233; P1
58; 7; lvl7_3; 282745; 5745; P2
59; 4; lvl4_3; 287974; 974; P1
60; 4; lvl4_3; 292549; 5549; P2
61; 3; lvl3_1; 297742; 742; P1
62; 3; lvl3_1; 303400; 6400; P2
63; 6; lvl6_2; 307862; 862; P1
64; 6; lvl6_2; 312504; 5504; P2
65; 2; lvl2_6; 317037; 37; P1
66; 2; lvl2_6; 322627; 5627; P2
67; 2; lvl2_1; 327719; 719; P1
68; 2; lvl2_1; 332506; 5506; P2
69; 1; lvl1_1; 337728; 728; P1
70; 1; lvl1_1; 343714; 6714; P2
71; 9; lvl9_1; 347617; 617; P1
72; 9; lvl9_1; 353389; 6389; P2
73; 7; lvl7_2; 357468; 468; P1
74; 7; lvl7_2; 362138; 5138; P2
75; 9; lvl9_6; 367875; 875; P1
76; 9; lvl9_6; 372222; 5222; P2
77; 10; lvl10_6; 377285; 285; P1
78; 10; lvl10_6; 383171; 6171; P2
79; 5; lvl5_1; 388207; 1207; P1
80; 5; lvl5_1; 393976; 6976; P2
81; 4; lvl4_4; 397803; 803; P1
82; 4; lvl4_4; 402209; 5209; P2
83; 7; lvl7_6; 407447; 447; P1
84; 7; lvl7_6; 412700; 5700; P2
85; 9; lvl9_2; 417461; 461; P1
86; 9; lvl9_2; 422788; 5788; P2
87; 5; lvl5_2; 428530; 1530; P1
88; 5; lvl5_2; 433559; 6559; P2
89; 4; lvl4_1; 439019; 2019; P1
90; 4; lvl4_1; 443234; 6234; P2
91; 3; lvl3_6; 448797; 1797; P1
92; 3; lvl3_6; 454412; 7412; P2
93; 8; lvl8_2; 458151; 1151; P1
94; 8; lvl8_2; 463918; 6918; P2
95; 6; lvl6_4; 469566; 2566; P1
96; 6; lvl6_4; 475345; 8345; P2
97; 1; lvl1_5; 481046; 4046; P1
98; 1; lvl1_5; 486521; 9521; P2
99; 5; lvl5_4; 491660; 4660; P1
100; 5; lvl5_4; 496659; 9659; P2
101; 3; lvl3_2; 502493; 5493; P1
102; 3; lvl3_2; 507941; 10941; P2
103; 8; lvl8_1; 511314; 4314; P1
104; 8; lvl8_1; 517180; 10180; P2
105; 1; lvl1_3; 520424; 3424; P1
106; 1; lvl1_3; 525519; 8519; P2
107; 6; lvl6_5; 530957; 3957; P1
108; 6; lvl6_5; 535711; 8711; P2
109; 2; lvl2_5; 539126; 2126; P1
110; 2; lvl2_5; 545000; 8000; P2
111; 1; lvl1_4; 548905; 1905; P1
112; 1; lvl1_4; 553591; 6591; P2
113; 5; lvl5_3; 558526; 1526; P1
114; 5; lvl5_3; 562946; 5946; P2
115; 6; lvl6_6; 568019; 1019; P1
116; 6; lvl6_6; 572778; 5778; P2
117; 9; lvl9_4; 577221; 221; P1
118; 9; lvl9_4; 583059; 6059; P2
119; 3; lvl3_5; 587449; 449; P1
120; 3; lvl3_5; 592812; 5812; P2
--29-Oct-2010 22:17:21
Researcher: Default Researcher
Subject: Unnamed
1; 7; lvl7_4; 0; 3000; P1
2; 7; lvl7_4; 4772; 7772; P2
3; 5; lvl5_4; 8768; 1768; P1
4; 5; lvl5_4; 12055; 5055; P2
5; 4; lvl4_6; 17343; 343; P1
6; 4; lvl4_6; 23125; 6125; P2
7; 5; lvl5_1; 27936; 936; P1
8; 5; lvl5_1; 32305; 5305; P2
9; 1; lvl1_2; 37092; 92; P1
10; 1; lvl1_2; 42136; 5136; P2
11; 3; lvl3_2; 47624; 624; P1
12; 3; lvl3_2; 53017; 6017; P2
13; 6; lvl6_5; 58100; 1100; P1
14; 6; lvl6_5; 62818; 5818; P2
15; 9; lvl9_2; 67467; 467; P1
16; 9; lvl9_2; 73394; 6394; P2
17; 10; lvl10_6; 79038; 2038; P1
18; 10; lvl10_6; 82697; 5697; P2
19; 10; lvl10_1; 88187; 1187; P1
20; 10; lvl10_1; 93432; 6432; P2
21; 1; lvl1_4; 97715; 715; P1
22; 1; lvl1_4; 102175; 5175; P2
23; 5; lvl5_3; 107251; 251; P1
24; 5; lvl5_3; 112248; 5248; P2
25; 3; lvl3_4; 117915; 915; P1
26; 3; lvl3_4; 123259; 6259; P2
27; 6; lvl6_3; 129103; 2103; P1
28; 6; lvl6_3; 132437; 5437; P2
29; 7; lvl7_5; 137535; 535; P1
30; 7; lvl7_5; 143119; 6119; P2
31; 8; lvl8_5; 147883; 883; P1
32; 8; lvl8_5; 152368; 5368; P2
33; 9; lvl9_4; 157678; 678; P1
34; 9; lvl9_4; 163118; 6118; P2
35; 3; lvl3_3; 167681; 681; P1
36; 3; lvl3_3; 172598; 5598; P2
37; 9; lvl9_1; 177542; 542; P1
38; 9; lvl9_1; 182438; 5438; P2
39; 4; lvl4_1; 187841; 841; P1
40; 4; lvl4_1; 192573; 5573; P2
41; 6; lvl6_4; 197292; 292; P1
42; 6; lvl6_4; 202919; 5919; P2
43; 10; lvl10_5; 208194; 1194; P1
44; 10; lvl10_5; 213616; 6616; P2
45; 7; lvl7_2; 218998; 1998; P1
46; 7; lvl7_2; 224707; 7707; P2
47; 5; lvl5_2; 229246; 2246; P1
48; 5; lvl5_2; 233365; 6365; P2
49; 1; lvl1_3; 238569; 1569; P1
50; 1; lvl1_3; 244363; 7363; P2
51; 4; lvl4_2; 247814; 814; P1
52; 4; lvl4_2; 253724; 6724; P2
53; 8; lvl8_1; 259706; 2706; P1
54; 8; lvl8_1; 264564; 7564; P2
55; 3; lvl3_5; 270056; 3056; P1
56; 3; lvl3_5; 273864; 6864; P2
57; 8; lvl8_4; 278007; 1007; P1
58; 8; lvl8_4; 282622; 5622; P2
59; 2; lvl2_6; 287893; 893; P1
60; 2; lvl2_6; 292274; 5274; P2
61; 8; lvl8_2; 297024; 24; P1
62; 8; lvl8_2; 302168; 5168; P2
63; 4; lvl4_4; 307154; 154; P1
64; 4; lvl4_4; 312041; 5041; P2
65; 9; lvl9_5; 317942; 942; P1
66; 9; lvl9_5; 323170; 6170; P2
67; 5; lvl5_6; 327122; 122; P1
68; 5; lvl5_6; 332128; 5128; P2
69; 7; lvl7_3; 338062; 1062; P1
70; 7; lvl7_3; 342305; 5305; P2
71; 7; lvl7_6; 347999; 999; P1
72; 7; lvl7_6; 353970; 6970; P2
73; 6; lvl6_6; 359858; 2858; P1
74; 6; lvl6_6; 364884; 7884; P2
75; 2; lvl2_1; 368823; 1823; P1
76; 2; lvl2_1; 374305; 7305; P2
77; 3; lvl3_6; 377760; 760; P1
78; 3; lvl3_6; 382303; 5303; P2
79; 6; lvl6_2; 387884; 884; P1
80; 6; lvl6_2; 393443; 6443; P2
81; 10; lvl10_3; 398626; 1626; P1
82; 10; lvl10_3; 403149; 6149; P2
83; 6; lvl6_1; 407747; 747; P1
84; 6; lvl6_1; 413388; 6388; P2
85; 5; lvl5_5; 418401; 1401; P1
86; 5; lvl5_5; 422217; 5217; P2
87; 10; lvl10_2; 427947; 947; P1
88; 10; lvl10_2; 433865; 6865; P2
89; 2; lvl2_5; 437082; 82; P1
90; 2; lvl2_5; 442543; 5543; P2
91; 8; lvl8_6; 448395; 1395; P1
92; 8; lvl8_6; 453125; 6125; P2
93; 10; lvl10_4; 457716; 716; P1
94; 10; lvl10_4; 462533; 5533; P2
95; 1; lvl1_1; 467785; 785; P1
96; 1; lvl1_1; 472069; 5069; P2
97; 8; lvl8_3; 477901; 901; P1
98; 8; lvl8_3; 482430; 5430; P2
99; 2; lvl2_3; 487579; 579; P1
100; 2; lvl2_3; 493423; 6423; P2
101; 1; lvl1_5; 499419; 2419; P1
102; 1; lvl1_5; 504579; 7579; P2
103; 9; lvl9_6; 509199; 2199; P1
104; 9; lvl9_6; 515164; 8164; P2
105; 7; lvl7_1; 521040; 4040; P1
106; 7; lvl7_1; 526808; 9808; P2
107; 3; lvl3_1; 531651; 4651; P1
108; 3; lvl3_1; 537197; 10197; P2
109; 4; lvl4_5; 541634; 4634; P1
110; 4; lvl4_5; 544670; 7670; P2
111; 2; lvl2_4; 550635; 3635; P1
112; 2; lvl2_4; 555028; 8028; P2
113; 2; lvl2_2; 560781; 3781; P1
114; 2; lvl2_2; 565724; 8724; P2
115; 9; lvl9_3; 569428; 2428; P1
116; 9; lvl9_3; 574966; 7966; P2
117; 1; lvl1_6; 580224; 3224; P1
118; 1; lvl1_6; 584601; 7601; P2
119; 4; lvl4_3; 589022; 2022; P1
120; 4; lvl4_3; 594305; 7305; P2
--29-Oct-2010 22:17:49
Researcher: Default Researcher
Subject: Unnamed
1; 4; lvl4_6; 0; 3000; P1
2; 4; lvl4_6; 4398; 7398; P2
3; 1; lvl1_1; 8789; 1789; P1
4; 1; lvl1_1; 14447; 7447; P2
5; 9; lvl9_5; 20150; 3150; P1
6; 9; lvl9_5; 26145; 9145; P2
7; 6; lvl6_2; 30236; 3236; P1
8; 6; lvl6_2; 36228; 9228; P2
9; 8; lvl8_6; 39298; 2298; P1
10; 8; lvl8_6; 44636; 7636; P2
11; 7; lvl7_3; 48558; 1558; P1
12; 7; lvl7_3; 54277; 7277; P2
13; 8; lvl8_4; 60273; 3273; P1
14; 8; lvl8_4; 64070; 7070; P2
15; 1; lvl1_2; 68607; 1607; P1
16; 1; lvl1_2; 74345; 7345; P2
17; 4; lvl4_5; 79398; 2398; P1
18; 4; lvl4_5; 85145; 8145; P2
19; 3; lvl3_2; 89994; 2994; P1
20; 3; lvl3_2; 94717; 7717; P2
21; 3; lvl3_5; 100690; 3690; P1
22; 3; lvl3_5; 105458; 8458; P2
23; 9; lvl9_4; 111149; 4149; P1
24; 9; lvl9_4; 116488; 9488; P2
25; 2; lvl2_5; 119844; 2844; P1
26; 2; lvl2_5; 123291; 6291; P2
27; 9; lvl9_1; 128522; 1522; P1
28; 9; lvl9_1; 132405; 5405; P2
29; 10; lvl10_5; 137414; 414; P1
30; 10; lvl10_5; 142738; 5738; P2
31; 6; lvl6_3; 147058; 58; P1
32; 6; lvl6_3; 152066; 5066; P2
33; 1; lvl1_4; 157642; 642; P1
34; 1; lvl1_4; 163130; 6130; P2
35; 5; lvl5_1; 168542; 1542; P1
36; 5; lvl5_1; 173617; 6617; P2
37; 7; lvl7_2; 178695; 1695; P1
38; 7; lvl7_2; 182899; 5899; P2
39; 3; lvl3_1; 188353; 1353; P1
40; 3; lvl3_1; 193557; 6557; P2
41; 1; lvl1_3; 197895; 895; P1
42; 1; lvl1_3; 202852; 5852; P2
43; 6; lvl6_4; 208089; 1089; P1
44; 6; lvl6_4; 212255; 5255; P2
45; 7; lvl7_6; 217918; 918; P1
46; 7; lvl7_6; 223433; 6433; P2
47; 8; lvl8_5; 228897; 1897; P1
48; 8; lvl8_5; 234722; 7722; P2
49; 5; lvl5_6; 239431; 2431; P1
50; 5; lvl5_6; 245299; 8299; P2
51; 5; lvl5_3; 249400; 2400; P1
52; 5; lvl5_3; 252466; 5466; P2
53; 7; lvl7_4; 257456; 456; P1
54; 7; lvl7_4; 263097; 6097; P2
55; 9; lvl9_6; 267183; 183; P1
56; 9; lvl9_6; 272370; 5370; P2
57; 5; lvl5_2; 277945; 945; P1
58; 5; lvl5_2; 283111; 6111; P2
59; 10; lvl10_3; 287778; 778; P1
60; 10; lvl10_3; 292271; 5271; P2
61; 8; lvl8_3; 297361; 361; P1
62; 8; lvl8_3; 302878; 5878; P2
63; 10; lvl10_4; 307322; 322; P1
64; 10; lvl10_4; 312048; 5048; P2
65; 6; lvl6_5; 317033; 33; P1
66; 6; lvl6_5; 322884; 5884; P2
67; 4; lvl4_3; 328105; 1105; P1
68; 4; lvl4_3; 332357; 5357; P2
69; 10; lvl10_1; 337648; 648; P1
70; 10; lvl10_1; 342258; 5258; P2
71; 3; lvl3_4; 347391; 391; P1
72; 3; lvl3_4; 352886; 5886; P2
73; 9; lvl9_2; 358672; 1672; P1
74; 9; lvl9_2; 362523; 5523; P2
75; 8; lvl8_2; 367566; 566; P1
76; 8; lvl8_2; 372136; 5136; P2
77; 10; lvl10_2; 377655; 655; P1
78; 10; lvl10_2; 382156; 5156; P2
79; 4; lvl4_2; 388027; 1027; P1
80; 4; lvl4_2; 392525; 5525; P2
81; 3; lvl3_3; 397757; 757; P1
82; 3; lvl3_3; 403599; 6599; P2
83; 1; lvl1_6; 407026; 26; P1
84; 1; lvl1_6; 412157; 5157; P2
85; 6; lvl6_1; 417275; 275; P1
86; 6; lvl6_1; 423259; 6259; P2
87; 2; lvl2_2; 429163; 2163; P1
88; 2; lvl2_2; 433361; 6361; P2
89; 4; lvl4_4; 437707; 707; P1
90; 4; lvl4_4; 442911; 5911; P2
91; 8; lvl8_1; 447444; 444; P1
92; 8; lvl8_1; 452484; 5484; P2
93; 5; lvl5_5; 457305; 305; P1
94; 5; lvl5_5; 463049; 6049; P2
95; 2; lvl2_6; 467287; 287; P1
96; 2; lvl2_6; 472098; 5098; P2
97; 5; lvl5_4; 477100; 100; P1
98; 5; lvl5_4; 482115; 5115; P2
99; 6; lvl6_6; 487423; 423; P1
100; 6; lvl6_6; 492326; 5326; P2
101; 1; lvl1_5; 497530; 530; P1
102; 1; lvl1_5; 503252; 6252; P2
103; 9; lvl9_3; 507651; 651; P1
104; 9; lvl9_3; 513572; 6572; P2
105; 7; lvl7_1; 517143; 143; P1
106; 7; lvl7_1; 522950; 5950; P2
107; 3; lvl3_6; 527782; 782; P1
108; 3; lvl3_6; 532122; 5122; P2
109; 10; lvl10_6; 537023; 23; P1
110; 10; lvl10_6; 542585; 5585; P2
111; 2; lvl2_1; 547526; 526; P1
112; 2; lvl2_1; 553025; 6025; P2
113; 2; lvl2_4; 557790; 790; P1
114; 2; lvl2_4; 563740; 6740; P2
115; 2; lvl2_3; 568067; 1067; P1
116; 2; lvl2_3; 573839; 6839; P2
117; 4; lvl4_1; 577365; 365; P1
118; 4; lvl4_1; 583050; 6050; P2
119; 7; lvl7_5; 588073; 1073; P1
120; 7; lvl7_5; 593038; 6038; P2
--29-Oct-2010 22:17:59
Researcher: Default Researcher
Subject: Unnamed
1; 1; lvl1_5; 0; 3000; P1
2; 1; lvl1_5; 4189; 7189; P2
3; 5; lvl5_2; 9751; 2751; P1
4; 5; lvl5_2; 14412; 7412; P2
5; 3; lvl3_2; 18809; 1809; P1
6; 3; lvl3_2; 22928; 5928; P2
7; 10; lvl10_6; 28440; 1440; P1
8; 10; lvl10_6; 33726; 6726; P2
9; 9; lvl9_5; 39376; 2376; P1
10; 9; lvl9_5; 44090; 7090; P2
11; 5; lvl5_1; 48065; 1065; P1
12; 5; lvl5_1; 53856; 6856; P2
13; 2; lvl2_6; 58811; 1811; P1
14; 2; lvl2_6; 62740; 5740; P2
15; 3; lvl3_6; 68126; 1126; P1
16; 3; lvl3_6; 72574; 5574; P2
17; 4; lvl4_1; 77742; 742; P1
18; 4; lvl4_1; 83088; 6088; P2
19; 2; lvl2_1; 88626; 1626; P1
20; 2; lvl2_1; 93439; 6439; P2
21; 6; lvl6_4; 98013; 1013; P1
22; 6; lvl6_4; 103535; 6535; P2
23; 7; lvl7_5; 108280; 1280; P1
24; 7; lvl7_5; 113520; 6520; P2
25; 4; lvl4_3; 118947; 1947; P1
26; 4; lvl4_3; 122205; 5205; P2
27; 4; lvl4_5; 128143; 1143; P1
28; 4; lvl4_5; 133181; 6181; P2
29; 1; lvl1_6; 138705; 1705; P1
30; 1; lvl1_6; 144138; 7138; P2
31; 7; lvl7_4; 150022; 3022; P1
32; 7; lvl7_4; 154754; 7754; P2
33; 4; lvl4_2; 160637; 3637; P1
34; 4; lvl4_2; 165535; 8535; P2
35; 5; lvl5_4; 170423; 3423; P1
36; 5; lvl5_4; 174245; 7245; P2
37; 8; lvl8_2; 180228; 3228; P1
38; 8; lvl8_2; 184188; 7188; P2
39; 3; lvl3_1; 188833; 1833; P1
40; 3; lvl3_1; 194222; 7222; P2
41; 3; lvl3_3; 199104; 2104; P1
42; 3; lvl3_3; 204447; 7447; P2
43; 4; lvl4_4; 207640; 640; P1
44; 4; lvl4_4; 213482; 6482; P2
45; 4; lvl4_6; 219467; 2467; P1
46; 4; lvl4_6; 224686; 7686; P2
47; 1; lvl1_2; 227796; 796; P1
48; 1; lvl1_2; 232982; 5982; P2
49; 6; lvl6_5; 238325; 1325; P1
50; 6; lvl6_5; 242548; 5548; P2
51; 9; lvl9_2; 248233; 1233; P1
52; 9; lvl9_2; 252630; 5630; P2
53; 10; lvl10_4; 257817; 817; P1
54; 10; lvl10_4; 263134; 6134; P2
55; 7; lvl7_6; 267438; 438; P1
56; 7; lvl7_6; 272468; 5468; P2
57; 3; lvl3_4; 278328; 1328; P1
58; 3; lvl3_4; 282150; 5150; P2
59; 9; lvl9_4; 287409; 409; P1
60; 9; lvl9_4; 292955; 5955; P2
61; 1; lvl1_1; 297346; 346; P1
62; 1; lvl1_1; 302949; 5949; P2
63; 8; lvl8_1; 307992; 992; P1
64; 8; lvl8_1; 312300; 5300; P2
65; 1; lvl1_3; 317556; 556; P1
66; 1; lvl1_3; 322632; 5632; P2
67; 5; lvl5_5; 327625; 625; P1
68; 5; lvl5_5; 333301; 6301; P2
69; 8; lvl8_6; 338834; 1834; P1
70; 8; lvl8_6; 343755; 6755; P2
71; 8; lvl8_3; 348273; 1273; P1
72; 8; lvl8_3; 353918; 6918; P2
73; 6; lvl6_1; 358985; 1985; P1
74; 6; lvl6_1; 364750; 7750; P2
75; 5; lvl5_3; 368155; 1155; P1
76; 5; lvl5_3; 373881; 6881; P2
77; 7; lvl7_1; 377161; 161; P1
78; 7; lvl7_1; 382602; 5602; P2
79; 6; lvl6_6; 388260; 1260; P1
80; 6; lvl6_6; 393616; 6616; P2
81; 3; lvl3_5; 399324; 2324; P1
82; 3; lvl3_5; 403489; 6489; P2
83; 5; lvl5_6; 408865; 1865; P1
84; 5; lvl5_6; 413849; 6849; P2
85; 2; lvl2_5; 417435; 435; P1
86; 2; lvl2_5; 423220; 6220; P2
87; 8; lvl8_5; 427756; 756; P1
88; 8; lvl8_5; 432897; 5897; P2
89; 9; lvl9_6; 438589; 1589; P1
90; 9; lvl9_6; 444418; 7418; P2
91; 2; lvl2_2; 449414; 2414; P1
92; 2; lvl2_2; 454625; 7625; P2
93; 9; lvl9_1; 459639; 2639; P1
94; 9; lvl9_1; 465048; 8048; P2
95; 2; lvl2_4; 468172; 1172; P1
96; 2; lvl2_4; 473819; 6819; P2
97; 10; lvl10_2; 479481; 2481; P1
98; 10; lvl10_2; 484557; 7557; P2
99; 1; lvl1_4; 489176; 2176; P1
100; 1; lvl1_4; 492620; 5620; P2
101; 7; lvl7_3; 498052; 1052; P1
102; 7; lvl7_3; 503907; 6907; P2
103; 10; lvl10_1; 508286; 1286; P1
104; 10; lvl10_1; 513502; 6502; P2
105; 2; lvl2_3; 517257; 257; P1
106; 2; lvl2_3; 522581; 5581; P2
107; 7; lvl7_2; 527179; 179; P1
108; 7; lvl7_2; 533109; 6109; P2
109; 8; lvl8_4; 537356; 356; P1
110; 8; lvl8_4; 542518; 5518; P2
111; 6; lvl6_2; 547560; 560; P1
112; 6; lvl6_2; 552576; 5576; P2
113; 10; lvl10_3; 557082; 82; P1
114; 10; lvl10_3; 562880; 5880; P2
115; 10; lvl10_5; 568223; 1223; P1
116; 10; lvl10_5; 573037; 6037; P2
117; 6; lvl6_3; 579024; 2024; P1
118; 6; lvl6_3; 584633; 7633; P2
119; 9; lvl9_3; 589743; 2743; P1
120; 9; lvl9_3; 593172; 6172; P2
--29-Oct-2010 22:19:54
Researcher: Default Researcher
Subject: Unnamed
1; 2; lvl2_6; 0; 3000; P1
2; 2; lvl2_6; 5571; 8571; P2
3; 9; lvl9_3; 10197; 3197; P1
4; 9; lvl9_3; 13814; 6814; P2
5; 10; lvl10_1; 19169; 2169; P1
6; 10; lvl10_1; 23503; 6503; P2
7; 6; lvl6_1; 29243; 2243; P1
8; 6; lvl6_1; 32510; 5510; P2
9; 6; lvl6_3; 38096; 1096; P1
10; 6; lvl6_3; 42509; 5509; P2
11; 9; lvl9_5; 48301; 1301; P1
12; 9; lvl9_5; 52712; 5712; P2
13; 2; lvl2_2; 57631; 631; P1
14; 2; lvl2_2; 63365; 6365; P2
15; 5; lvl5_6; 67260; 260; P1
16; 5; lvl5_6; 73136; 6136; P2
17; 1; lvl1_1; 77160; 160; P1
18; 1; lvl1_1; 82720; 5720; P2
19; 3; lvl3_5; 87012; 12; P1
20; 3; lvl3_5; 92805; 5805; P2
21; 3; lvl3_3; 97875; 875; P1
22; 3; lvl3_3; 103370; 6370; P2
23; 10; lvl10_5; 107127; 127; P1
24; 10; lvl10_5; 112146; 5146; P2
25; 4; lvl4_4; 117766; 766; P1
26; 4; lvl4_4; 123488; 6488; P2
27; 1; lvl1_4; 127753; 753; P1
28; 1; lvl1_4; 132111; 5111; P2
29; 5; lvl5_1; 137811; 811; P1
30; 5; lvl5_1; 143381; 6381; P2
31; 10; lvl10_2; 148280; 1280; P1
32; 10; lvl10_2; 152760; 5760; P2
33; 5; lvl5_4; 157941; 941; P1
34; 5; lvl5_4; 163054; 6054; P2
35; 10; lvl10_3; 167038; 38; P1
36; 10; lvl10_3; 172765; 5765; P2
37; 1; lvl1_6; 178063; 1063; P1
38; 1; lvl1_6; 183032; 6032; P2
39; 7; lvl7_3; 188439; 1439; P1
40; 7; lvl7_3; 194160; 7160; P2
41; 10; lvl10_6; 200154; 3154; P1
42; 10; lvl10_6; 203591; 6591; P2
43; 7; lvl7_4; 209211; 2211; P1
44; 7; lvl7_4; 214002; 7002; P2
45; 9; lvl9_6; 219760; 2760; P1
46; 9; lvl9_6; 223806; 6806; P2
47; 8; lvl8_6; 229501; 2501; P1
48; 8; lvl8_6; 234111; 7111; P2
49; 9; lvl9_2; 238542; 1542; P1
50; 9; lvl9_2; 244182; 7182; P2
51; 7; lvl7_1; 248480; 1480; P1
52; 7; lvl7_1; 252760; 5760; P2
53; 8; lvl8_2; 258695; 1695; P1
54; 8; lvl8_2; 264503; 7503; P2
55; 7; lvl7_5; 269417; 2417; P1
56; 7; lvl7_5; 272511; 5511; P2
57; 2; lvl2_4; 277156; 156; P1
58; 2; lvl2_4; 282117; 5117; P2
59; 3; lvl3_4; 287308; 308; P1
60; 3; lvl3_4; 293059; 6059; P2
61; 8; lvl8_1; 297719; 719; P1
62; 8; lvl8_1; 303351; 6351; P2
63; 6; lvl6_2; 308429; 1429; P1
64; 6; lvl6_2; 312631; 5631; P2
65; 3; lvl3_1; 317843; 843; P1
66; 3; lvl3_1; 323134; 6134; P2
67; 3; lvl3_2; 327457; 457; P1
68; 3; lvl3_2; 332658; 5658; P2
69; 4; lvl4_2; 337958; 958; P1
70; 4; lvl4_2; 342765; 5765; P2
71; 7; lvl7_2; 347307; 307; P1
72; 7; lvl7_2; 353261; 6261; P2
73; 10; lvl10_4; 357278; 278; P1
74; 10; lvl10_4; 362177; 5177; P2
75; 4; lvl4_6; 367500; 500; P1
76; 4; lvl4_6; 372785; 5785; P2
77; 9; lvl9_1; 377993; 993; P1
78; 9; lvl9_1; 382200; 5200; P2
79; 6; lvl6_6; 387372; 372; P1
80; 6; lvl6_6; 392312; 5312; P2
81; 6; lvl6_5; 397375; 375; P1
82; 6; lvl6_5; 403243; 6243; P2
83; 4; lvl4_1; 407594; 594; P1
84; 4; lvl4_1; 412873; 5873; P2
85; 7; lvl7_6; 417804; 804; P1
86; 7; lvl7_6; 423513; 6513; P2
87; 1; lvl1_2; 428172; 1172; P1
88; 1; lvl1_2; 433799; 6799; P2
89; 8; lvl8_5; 438774; 1774; P1
90; 8; lvl8_5; 442982; 5982; P2
91; 1; lvl1_3; 447552; 552; P1
92; 1; lvl1_3; 452204; 5204; P2
93; 4; lvl4_5; 458052; 1052; P1
94; 4; lvl4_5; 462889; 5889; P2
95; 5; lvl5_2; 468842; 1842; P1
96; 5; lvl5_2; 473105; 6105; P2
97; 9; lvl9_4; 478602; 1602; P1
98; 9; lvl9_4; 483151; 6151; P2
99; 8; lvl8_4; 487139; 139; P1
100; 8; lvl8_4; 492625; 5625; P2
101; 5; lvl5_5; 497674; 674; P1
102; 5; lvl5_5; 502466; 5466; P2
103; 2; lvl2_1; 507112; 112; P1
104; 2; lvl2_1; 512985; 5985; P2
105; 2; lvl2_3; 517923; 923; P1
106; 2; lvl2_3; 523857; 6857; P2
107; 8; lvl8_3; 528600; 1600; P1
108; 8; lvl8_3; 533204; 6204; P2
109; 1; lvl1_5; 539149; 2149; P1
110; 1; lvl1_5; 543041; 6041; P2
111; 5; lvl5_3; 548417; 1417; P1
112; 5; lvl5_3; 552584; 5584; P2
113; 2; lvl2_5; 557419; 419; P1
114; 2; lvl2_5; 562456; 5456; P2
115; 3; lvl3_6; 567314; 314; P1
116; 3; lvl3_6; 572870; 5870; P2
117; 4; lvl4_3; 578485; 1485; P1
118; 4; lvl4_3; 583855; 6855; P2
119; 6; lvl6_4; 589159; 2159; P1
120; 6; lvl6_4; 592409; 5409; P2
--30-Oct-2010 00:01:04
Researcher: Default Researcher
Subject: Unnamed
1; 2; lvl2_5; 0; 3000; P1
2; 2; lvl2_5; 4819; 7819; P2
3; 6; lvl6_6; 8273; 1273; P1
4; 6; lvl6_6; 13913; 6913; P2
5; 6; lvl6_2; 18630; 1630; P1
6; 6; lvl6_2; 23763; 6763; P2
7; 3; lvl3_6; 29010; 2010; P1
8; 3; lvl3_6; 33929; 6929; P2
9; 7; lvl7_3; 38384; 1384; P1
10; 7; lvl7_3; 44099; 7099; P2
11; 3; lvl3_4; 49132; 2132; P1
12; 3; lvl3_4; 54532; 7532; P2
13; 5; lvl5_4; 59698; 2698; P1
14; 5; lvl5_4; 63266; 6266; P2
15; 4; lvl4_3; 67361; 361; P1
16; 4; lvl4_3; 73158; 6158; P2
17; 8; lvl8_5; 78192; 1192; P1
18; 8; lvl8_5; 83286; 6286; P2
19; 4; lvl4_6; 89157; 2157; P1
20; 4; lvl4_6; 92877; 5877; P2
21; 1; lvl1_3; 97243; 243; P1
22; 1; lvl1_3; 102362; 5362; P2
23; 7; lvl7_1; 107611; 611; P1
24; 7; lvl7_1; 112999; 5999; P2
25; 4; lvl4_5; 118524; 1524; P1
26; 4; lvl4_5; 123208; 6208; P2
27; 10; lvl10_6; 127407; 407; P1
28; 10; lvl10_6; 132945; 5945; P2
29; 1; lvl1_2; 137960; 960; P1
30; 1; lvl1_2; 143034; 6034; P2
31; 5; lvl5_5; 147353; 353; P1
32; 5; lvl5_5; 153253; 6253; P2
33; 9; lvl9_6; 159005; 2005; P1
34; 9; lvl9_6; 162414; 5414; P2
35; 7; lvl7_5; 167429; 429; P1
36; 7; lvl7_5; 172913; 5913; P2
37; 10; lvl10_5; 178486; 1486; P1
38; 10; lvl10_5; 183680; 6680; P2
39; 10; lvl10_4; 188333; 1333; P1
40; 10; lvl10_4; 192023; 5023; P2
41; 9; lvl9_2; 197971; 971; P1
42; 9; lvl9_2; 202749; 5749; P2
43; 8; lvl8_2; 207096; 96; P1
44; 8; lvl8_2; 213016; 6016; P2
45; 7; lvl7_4; 217826; 826; P1
46; 7; lvl7_4; 223709; 6709; P2
47; 5; lvl5_1; 228291; 1291; P1
48; 5; lvl5_1; 232527; 5527; P2
49; 10; lvl10_1; 238003; 1003; P1
50; 10; lvl10_1; 243082; 6082; P2
51; 10; lvl10_2; 247656; 656; P1
52; 10; lvl10_2; 253526; 6526; P2
53; 8; lvl8_4; 258977; 1977; P1
54; 8; lvl8_4; 264410; 7410; P2
55; 5; lvl5_3; 269684; 2684; P1
56; 5; lvl5_3; 273291; 6291; P2
57; 3; lvl3_2; 278577; 1577; P1
58; 3; lvl3_2; 282460; 5460; P2
59; 1; lvl1_4; 288081; 1081; P1
60; 1; lvl1_4; 292625; 5625; P2
61; 10; lvl10_3; 297879; 879; P1
62; 10; lvl10_3; 302182; 5182; P2
63; 1; lvl1_1; 308173; 1173; P1
64; 1; lvl1_1; 313176; 6176; P2
65; 9; lvl9_4; 317206; 206; P1
66; 9; lvl9_4; 322170; 5170; P2
67; 6; lvl6_5; 327809; 809; P1
68; 6; lvl6_5; 333791; 6791; P2
69; 1; lvl1_6; 338091; 1091; P1
70; 1; lvl1_6; 343921; 6921; P2
71; 9; lvl9_3; 348736; 1736; P1
72; 9; lvl9_3; 352536; 5536; P2
73; 4; lvl4_4; 357027; 27; P1
74; 4; lvl4_4; 362908; 5908; P2
75; 5; lvl5_2; 368369; 1369; P1
76; 5; lvl5_2; 373285; 6285; P2
77; 9; lvl9_5; 377491; 491; P1
78; 9; lvl9_5; 382427; 5427; P2
79; 2; lvl2_1; 387863; 863; P1
80; 2; lvl2_1; 392947; 5947; P2
81; 7; lvl7_6; 397505; 505; P1
82; 7; lvl7_6; 402310; 5310; P2
83; 4; lvl4_2; 407387; 387; P1
84; 4; lvl4_2; 412305; 5305; P2
85; 2; lvl2_2; 417792; 792; P1
86; 2; lvl2_2; 423495; 6495; P2
87; 3; lvl3_1; 429104; 2104; P1
88; 3; lvl3_1; 434598; 7598; P2
89; 5; lvl5_6; 438578; 1578; P1
90; 5; lvl5_6; 442200; 5200; P2
91; 6; lvl6_4; 447842; 842; P1
92; 6; lvl6_4; 453522; 6522; P2
93; 3; lvl3_3; 457154; 154; P1
94; 3; lvl3_3; 462464; 5464; P2
95; 1; lvl1_5; 468023; 1023; P1
96; 1; lvl1_5; 472397; 5397; P2
97; 8; lvl8_6; 477064; 64; P1
98; 8; lvl8_6; 482122; 5122; P2
99; 8; lvl8_1; 487478; 478; P1
100; 8; lvl8_1; 492321; 5321; P2
101; 2; lvl2_4; 497868; 868; P1
102; 2; lvl2_4; 503117; 6117; P2
103; 4; lvl4_1; 507445; 445; P1
104; 4; lvl4_1; 512507; 5507; P2
105; 2; lvl2_6; 517229; 229; P1
106; 2; lvl2_6; 522919; 5919; P2
107; 9; lvl9_1; 528396; 1396; P1
108; 9; lvl9_1; 532645; 5645; P2
109; 3; lvl3_5; 537191; 191; P1
110; 3; lvl3_5; 542010; 5010; P2
111; 8; lvl8_3; 547749; 749; P1
112; 8; lvl8_3; 553692; 6692; P2
113; 2; lvl2_3; 557719; 719; P1
114; 2; lvl2_3; 562143; 5143; P2
115; 7; lvl7_2; 567141; 141; P1
116; 7; lvl7_2; 572314; 5314; P2
117; 6; lvl6_3; 577223; 223; P1
118; 6; lvl6_3; 582237; 5237; P2
119; 6; lvl6_1; 587043; 43; P1
120; 6; lvl6_1; 592679; 5679; P2
--30-Oct-2010 00:07:52
Researcher: Default Researcher
Subject: Unnamed
1; 9; lvl9_1; 0; 3000; P1
2; 9; lvl9_1; 4460; 7460; P2
3; 7; lvl7_5; 7586; 586; P1
4; 7; lvl7_5; 13482; 6482; P2
5; 8; lvl8_6; 17489; 489; P1
6; 8; lvl8_6; 22535; 5535; P2
7; 3; lvl3_2; 27742; 742; P1
8; 3; lvl3_2; 32574; 5574; P2
9; 7; lvl7_6; 37325; 325; P1
10; 7; lvl7_6; 43270; 6270; P2
11; 6; lvl6_1; 49014; 2014; P1
12; 6; lvl6_1; 53693; 6693; P2
13; 5; lvl5_1; 59240; 2240; P1
14; 5; lvl5_1; 63531; 6531; P2
15; 1; lvl1_3; 67043; 43; P1
16; 1; lvl1_3; 72124; 5124; P2
17; 8; lvl8_5; 77981; 981; P1
18; 8; lvl8_5; 82454; 5454; P2
19; 2; lvl2_3; 87019; 19; P1
20; 2; lvl2_3; 92675; 5675; P2
21; 8; lvl8_3; 98136; 1136; P1
22; 8; lvl8_3; 102869; 5869; P2
23; 10; lvl10_2; 107310; 310; P1
24; 10; lvl10_2; 112154; 5154; P2
25; 7; lvl7_3; 117903; 903; P1
26; 7; lvl7_3; 122663; 5663; P2
27; 7; lvl7_1; 128362; 1362; P1
28; 7; lvl7_1; 132632; 5632; P2
29; 9; lvl9_3; 137745; 745; P1
30; 9; lvl9_3; 143178; 6178; P2
31; 1; lvl1_2; 148432; 1432; P1
32; 1; lvl1_2; 153531; 6531; P2
33; 4; lvl4_1; 157072; 72; P1
34; 4; lvl4_1; 162616; 5616; P2
35; 1; lvl1_4; 168490; 1490; P1
36; 1; lvl1_4; 174162; 7162; P2
37; 10; lvl10_6; 180098; 3098; P1
38; 10; lvl10_6; 185167; 8167; P2
39; 2; lvl2_1; 190222; 3222; P1
40; 2; lvl2_1; 196095; 9095; P2
41; 3; lvl3_1; 200746; 3746; P1
42; 3; lvl3_1; 206070; 9070; P2
43; 10; lvl10_4; 209587; 2587; P1
44; 10; lvl10_4; 215415; 8415; P2
45; 4; lvl4_5; 219870; 2870; P1
46; 4; lvl4_5; 223375; 6375; P2
47; 6; lvl6_2; 227984; 984; P1
48; 6; lvl6_2; 232037; 5037; P2
49; 5; lvl5_6; 237791; 791; P1
50; 5; lvl5_6; 243554; 6554; P2
51; 6; lvl6_5; 249480; 2480; P1
52; 6; lvl6_5; 253896; 6896; P2
53; 9; lvl9_5; 258812; 1812; P1
54; 9; lvl9_5; 262848; 5848; P2
55; 9; lvl9_6; 268753; 1753; P1
56; 9; lvl9_6; 273120; 6120; P2
57; 8; lvl8_1; 278283; 1283; P1
58; 8; lvl8_1; 283711; 6711; P2
59; 10; lvl10_5; 288367; 1367; P1
60; 10; lvl10_5; 293179; 6179; P2
61; 2; lvl2_4; 297441; 441; P1
62; 2; lvl2_4; 302304; 5304; P2
63; 6; lvl6_4; 307103; 103; P1
64; 6; lvl6_4; 313024; 6024; P2
65; 5; lvl5_2; 318582; 1582; P1
66; 5; lvl5_2; 323451; 6451; P2
67; 4; lvl4_4; 327099; 99; P1
68; 4; lvl4_4; 332320; 5320; P2
69; 9; lvl9_2; 338305; 1305; P1
70; 9; lvl9_2; 343437; 6437; P2
71; 7; lvl7_2; 348009; 1009; P1
72; 7; lvl7_2; 353461; 6461; P2
73; 3; lvl3_6; 358222; 1222; P1
74; 3; lvl3_6; 363883; 6883; P2
75; 3; lvl3_5; 368696; 1696; P1
76; 3; lvl3_5; 372568; 5568; P2
77; 9; lvl9_4; 378270; 1270; P1
78; 9; lvl9_4; 383413; 6413; P2
79; 5; lvl5_3; 387454; 454; P1
80; 5; lvl5_3; 392542; 5542; P2
81; 8; lvl8_2; 397289; 289; P1
82; 8; lvl8_2; 402267; 5267; P2
83; 4; lvl4_3; 408240; 1240; P1
84; 4; lvl4_3; 413596; 6596; P2
85; 2; lvl2_6; 418795; 1795; P1
86; 2; lvl2_6; 423198; 6198; P2
87; 4; lvl4_6; 427691; 691; P1
88; 4; lvl4_6; 432046; 5046; P2
89; 1; lvl1_6; 437295; 295; P1
90; 1; lvl1_6; 442871; 5871; P2
91; 7; lvl7_4; 447722; 722; P1
92; 7; lvl7_4; 452488; 5488; P2
93; 10; lvl10_1; 458362; 1362; P1
94; 10; lvl10_1; 463201; 6201; P2
95; 1; lvl1_5; 468775; 1775; P1
96; 1; lvl1_5; 474609; 7609; P2
97; 6; lvl6_6; 480236; 3236; P1
98; 6; lvl6_6; 485849; 8849; P2
99; 3; lvl3_4; 489896; 2896; P1
100; 3; lvl3_4; 495821; 8821; P2
101; 2; lvl2_2; 500751; 3751; P1
102; 2; lvl2_2; 503900; 6900; P2
103; 2; lvl2_5; 507729; 729; P1
104; 2; lvl2_5; 512184; 5184; P2
105; 5; lvl5_5; 517512; 512; P1
106; 5; lvl5_5; 522237; 5237; P2
107; 3; lvl3_3; 527953; 953; P1
108; 3; lvl3_3; 533437; 6437; P2
109; 6; lvl6_3; 538735; 1735; P1
110; 6; lvl6_3; 542866; 5866; P2
111; 1; lvl1_1; 548808; 1808; P1
112; 1; lvl1_1; 552593; 5593; P2
113; 4; lvl4_2; 557906; 906; P1
114; 4; lvl4_2; 563241; 6241; P2
115; 10; lvl10_3; 568119; 1119; P1
116; 10; lvl10_3; 572781; 5781; P2
117; 5; lvl5_4; 577398; 398; P1
118; 5; lvl5_4; 582283; 5283; P2
119; 8; lvl8_4; 588033; 1033; P1
120; 8; lvl8_4; 593872; 6872; P2
--30-Oct-2010 00:38:30
Researcher: Default Researcher
Subject: Unnamed
1; 1; lvl1_2; 0; 3000; P1
2; 1; lvl1_2; 5283; 8283; P2
3; 4; lvl4_5; 10555; 3555; P1
4; 4; lvl4_5; 15387; 8387; P2
5; 9; lvl9_4; 19980; 2980; P1
6; 9; lvl9_4; 25553; 8553; P2
7; 3; lvl3_3; 30032; 3032; P1
8; 3; lvl3_3; 35253; 8253; P2
9; 1; lvl1_6; 39914; 2914; P1
10; 1; lvl1_6; 43272; 6272; P2
11; 1; lvl1_4; 47235; 235; P1
12; 1; lvl1_4; 52200; 5200; P2
13; 7; lvl7_3; 58068; 1068; P1
14; 7; lvl7_3; 62228; 5228; P2
15; 9; lvl9_3; 67345; 345; P1
16; 9; lvl9_3; 72086; 5086; P2
17; 5; lvl5_1; 77143; 143; P1
18; 5; lvl5_1; 82387; 5387; P2
19; 9; lvl9_5; 87963; 963; P1
20; 9; lvl9_5; 92113; 5113; P2
21; 2; lvl2_2; 97761; 761; P1
22; 2; lvl2_2; 102111; 5111; P2
23; 6; lvl6_4; 107594; 594; P1
24; 6; lvl6_4; 112052; 5052; P2
25; 3; lvl3_1; 117556; 556; P1
26; 3; lvl3_1; 122097; 5097; P2
27; 4; lvl4_4; 127032; 32; P1
28; 4; lvl4_4; 132678; 5678; P2
29; 2; lvl2_1; 138468; 1468; P1
30; 2; lvl2_1; 142794; 5794; P2
31; 6; lvl6_6; 147682; 682; P1
32; 6; lvl6_6; 153234; 6234; P2
33; 2; lvl2_4; 159131; 2131; P1
34; 2; lvl2_4; 164012; 7012; P2
35; 1; lvl1_5; 167558; 558; P1
36; 1; lvl1_5; 172991; 5991; P2
37; 10; lvl10_5; 178682; 1682; P1
38; 10; lvl10_5; 184623; 7623; P2
39; 5; lvl5_5; 189287; 2287; P1
40; 5; lvl5_5; 193965; 6965; P2
41; 4; lvl4_3; 198354; 1354; P1
42; 4; lvl4_3; 204213; 7213; P2
43; 8; lvl8_4; 209539; 2539; P1
44; 8; lvl8_4; 213716; 6716; P2
45; 5; lvl5_2; 219380; 2380; P1
46; 5; lvl5_2; 224027; 7027; P2
47; 6; lvl6_1; 229166; 2166; P1
48; 6; lvl6_1; 232578; 5578; P2
49; 10; lvl10_6; 237152; 152; P1
50; 10; lvl10_6; 242222; 5222; P2
51; 10; lvl10_3; 248198; 1198; P1
52; 10; lvl10_3; 254020; 7020; P2
53; 3; lvl3_6; 259175; 2175; P1
54; 3; lvl3_6; 264281; 7281; P2
55; 6; lvl6_5; 268215; 1215; P1
56; 6; lvl6_5; 272594; 5594; P2
57; 3; lvl3_4; 277788; 788; P1
58; 3; lvl3_4; 283067; 6067; P2
59; 3; lvl3_2; 287612; 612; P1
60; 3; lvl3_2; 292688; 5688; P2
61; 6; lvl6_2; 298190; 1190; P1
62; 6; lvl6_2; 303635; 6635; P2
63; 10; lvl10_2; 308741; 1741; P1
64; 10; lvl10_2; 313584; 6584; P2
65; 8; lvl8_3; 318763; 1763; P1
66; 8; lvl8_3; 323301; 6301; P2
67; 8; lvl8_1; 328382; 1382; P1
68; 8; lvl8_1; 333918; 6918; P2
69; 9; lvl9_2; 338848; 1848; P1
70; 9; lvl9_2; 343389; 6389; P2
71; 2; lvl2_3; 347047; 47; P1
72; 2; lvl2_3; 352620; 5620; P2
73; 10; lvl10_4; 357268; 268; P1
74; 10; lvl10_4; 362869; 5869; P2
75; 6; lvl6_3; 367520; 520; P1
76; 6; lvl6_3; 372529; 5529; P2
77; 4; lvl4_1; 378029; 1029; P1
78; 4; lvl4_1; 383297; 6297; P2
79; 7; lvl7_6; 389086; 2086; P1
80; 7; lvl7_6; 393800; 6800; P2
81; 1; lvl1_1; 397715; 715; P1
82; 1; lvl1_1; 402645; 5645; P2
83; 9; lvl9_1; 407008; 8; P1
84; 9; lvl9_1; 412859; 5859; P2
85; 5; lvl5_3; 418772; 1772; P1
86; 5; lvl5_3; 422529; 5529; P2
87; 5; lvl5_6; 428159; 1159; P1
88; 5; lvl5_6; 432291; 5291; P2
89; 7; lvl7_4; 437675; 675; P1
90; 7; lvl7_4; 443190; 6190; P2
91; 4; lvl4_2; 448571; 1571; P1
92; 4; lvl4_2; 454133; 7133; P2
93; 5; lvl5_4; 457736; 736; P1
94; 5; lvl5_4; 462602; 5602; P2
95; 2; lvl2_6; 467494; 494; P1
96; 2; lvl2_6; 472974; 5974; P2
97; 3; lvl3_5; 478873; 1873; P1
98; 3; lvl3_5; 482494; 5494; P2
99; 4; lvl4_6; 487686; 686; P1
100; 4; lvl4_6; 492752; 5752; P2
101; 8; lvl8_5; 497042; 42; P1
102; 8; lvl8_5; 502840; 5840; P2
103; 8; lvl8_6; 507121; 121; P1
104; 8; lvl8_6; 512940; 5940; P2
105; 9; lvl9_6; 518691; 1691; P1
106; 9; lvl9_6; 523085; 6085; P2
107; 2; lvl2_5; 527430; 430; P1
108; 2; lvl2_5; 532818; 5818; P2
109; 1; lvl1_3; 538581; 1581; P1
110; 1; lvl1_3; 543530; 6530; P2
111; 8; lvl8_2; 548450; 1450; P1
112; 8; lvl8_2; 553289; 6289; P2
113; 7; lvl7_2; 557932; 932; P1
114; 7; lvl7_2; 562730; 5730; P2
115; 7; lvl7_5; 567644; 644; P1
116; 7; lvl7_5; 573214; 6214; P2
117; 10; lvl10_1; 577181; 181; P1
118; 10; lvl10_1; 582836; 5836; P2
119; 7; lvl7_1; 587937; 937; P1
120; 7; lvl7_1; 592014; 5014; P2
--21-Nov-2010 21:19:37
Researcher: Default Researcher
Subject: Unnamed
1; 8; lvl8_3; 0; 3000; P1
2; 8; lvl8_3; 5149; 8149; P2
3; 1; lvl1_5; 10890; 3890; P1
4; 1; lvl1_5; 15611; 8611; P2
5; 3; lvl3_1; 20365; 3365; P1
6; 3; lvl3_1; 26363; 9363; P2
7; 2; lvl2_4; 31612; 4612; P1
8; 2; lvl2_4; 35420; 8420; P2
9; 1; lvl1_1; 40506; 3506; P1
10; 1; lvl1_1; 45651; 8651; P2
11; 9; lvl9_3; 48847; 1847; P1
12; 9; lvl9_3; 52678; 5678; P2
13; 4; lvl4_1; 58220; 1220; P1
14; 4; lvl4_1; 62226; 5226; P2
15; 4; lvl4_6; 67881; 881; P1
16; 4; lvl4_6; 73289; 6289; P2
17; 5; lvl5_1; 77821; 821; P1
18; 5; lvl5_1; 83332; 6332; P2
19; 1; lvl1_2; 88939; 1939; P1
20; 1; lvl1_2; 94485; 7485; P2
21; 8; lvl8_6; 97615; 615; P1
22; 8; lvl8_6; 102852; 5852; P2
23; 3; lvl3_3; 107767; 767; P1
24; 3; lvl3_3; 112189; 5189; P2
25; 3; lvl3_6; 117789; 789; P1
26; 3; lvl3_6; 122957; 5957; P2
27; 6; lvl6_6; 127851; 851; P1
28; 6; lvl6_6; 132694; 5694; P2
29; 5; lvl5_2; 137215; 215; P1
30; 5; lvl5_2; 142775; 5775; P2
31; 3; lvl3_2; 147626; 626; P1
32; 3; lvl3_2; 153510; 6510; P2
33; 2; lvl2_1; 157714; 714; P1
34; 2; lvl2_1; 162093; 5093; P2
35; 10; lvl10_5; 167705; 705; P1
36; 10; lvl10_5; 172366; 5366; P2
37; 4; lvl4_2; 177677; 677; P1
38; 4; lvl4_2; 182208; 5208; P2
39; 10; lvl10_3; 187001; 1; P1
40; 10; lvl10_3; 192647; 5647; P2
41; 8; lvl8_5; 197605; 605; P1
42; 8; lvl8_5; 203237; 6237; P2
43; 6; lvl6_3; 207934; 934; P1
44; 6; lvl6_3; 213402; 6402; P2
45; 7; lvl7_2; 218037; 1037; P1
46; 7; lvl7_2; 223921; 6921; P2
47; 1; lvl1_6; 229123; 2123; P1
48; 1; lvl1_6; 233275; 6275; P2
49; 9; lvl9_2; 238370; 1370; P1
50; 9; lvl9_2; 242321; 5321; P2
51; 9; lvl9_6; 247060; 60; P1
52; 9; lvl9_6; 252361; 5361; P2
53; 9; lvl9_5; 258102; 1102; P1
54; 9; lvl9_5; 262017; 5017; P2
55; 5; lvl5_5; 267772; 772; P1
56; 5; lvl5_5; 272663; 5663; P2
57; 4; lvl4_5; 277561; 561; P1
58; 4; lvl4_5; 282414; 5414; P2
59; 10; lvl10_6; 288092; 1092; P1
60; 10; lvl10_6; 293215; 6215; P2
61; 3; lvl3_5; 298780; 1780; P1
62; 3; lvl3_5; 302796; 5796; P2
63; 10; lvl10_4; 307608; 608; P1
64; 10; lvl10_4; 313566; 6566; P2
65; 7; lvl7_5; 319375; 2375; P1
66; 7; lvl7_5; 323715; 6715; P2
67; 2; lvl2_3; 329690; 2690; P1
68; 2; lvl2_3; 333540; 6540; P2
69; 2; lvl2_6; 338288; 1288; P1
70; 2; lvl2_6; 342532; 5532; P2
71; 6; lvl6_5; 347714; 714; P1
72; 6; lvl6_5; 353609; 6609; P2
73; 8; lvl8_1; 357265; 265; P1
74; 8; lvl8_1; 363068; 6068; P2
75; 7; lvl7_1; 368634; 1634; P1
76; 7; lvl7_1; 374510; 7510; P2
77; 5; lvl5_3; 378618; 1618; P1
78; 5; lvl5_3; 384506; 7506; P2
79; 5; lvl5_4; 390039; 3039; P1
80; 5; lvl5_4; 393848; 6848; P2
81; 7; lvl7_3; 397606; 606; P1
82; 7; lvl7_3; 403296; 6296; P2
83; 6; lvl6_4; 408255; 1255; P1
84; 6; lvl6_4; 413263; 6263; P2
85; 1; lvl1_3; 417582; 582; P1
86; 1; lvl1_3; 422639; 5639; P2
87; 8; lvl8_4; 427153; 153; P1
88; 8; lvl8_4; 433117; 6117; P2
89; 2; lvl2_5; 438851; 1851; P1
90; 2; lvl2_5; 444314; 7314; P2
91; 7; lvl7_6; 448688; 1688; P1
92; 7; lvl7_6; 453216; 6216; P2
93; 10; lvl10_2; 457677; 677; P1
94; 10; lvl10_2; 462306; 5306; P2
95; 8; lvl8_2; 467567; 567; P1
96; 8; lvl8_2; 473518; 6518; P2
97; 6; lvl6_1; 478457; 1457; P1
98; 6; lvl6_1; 482573; 5573; P2
99; 7; lvl7_4; 487044; 44; P1
100; 7; lvl7_4; 492620; 5620; P2
101; 10; lvl10_1; 497644; 644; P1
102; 10; lvl10_1; 503496; 6496; P2
103; 2; lvl2_2; 508039; 1039; P1
104; 2; lvl2_2; 513624; 6624; P2
105; 3; lvl3_4; 519425; 2425; P1
106; 3; lvl3_4; 523324; 6324; P2
107; 9; lvl9_4; 527297; 297; P1
108; 9; lvl9_4; 532016; 5016; P2
109; 4; lvl4_3; 537175; 175; P1
110; 4; lvl4_3; 543097; 6097; P2
111; 6; lvl6_2; 548075; 1075; P1
112; 6; lvl6_2; 552338; 5338; P2
113; 5; lvl5_6; 558031; 1031; P1
114; 5; lvl5_6; 562384; 5384; P2
115; 9; lvl9_1; 567842; 842; P1
116; 9; lvl9_1; 573145; 6145; P2
117; 1; lvl1_4; 578327; 1327; P1
118; 1; lvl1_4; 584266; 7266; P2
119; 4; lvl4_4; 587586; 586; P1
120; 4; lvl4_4; 592771; 5771; P2
--21-Nov-2010 21:19:43
Researcher: Default Researcher
Subject: Unnamed
1; 4; lvl4_3; 0; 3000; P1
2; 4; lvl4_3; 5587; 8587; P2
3; 5; lvl5_5; 11021; 4021; P1
4; 5; lvl5_5; 16443; 9443; P2
5; 7; lvl7_6; 19523; 2523; P1
6; 7; lvl7_6; 24887; 7887; P2
7; 2; lvl2_2; 29254; 2254; P1
8; 2; lvl2_2; 33804; 6804; P2
9; 7; lvl7_5; 37746; 746; P1
10; 7; lvl7_5; 43324; 6324; P2
11; 1; lvl1_2; 48444; 1444; P1
12; 1; lvl1_2; 52776; 5776; P2
13; 8; lvl8_1; 58308; 1308; P1
14; 8; lvl8_1; 63126; 6126; P2
15; 5; lvl5_2; 68931; 1931; P1
16; 5; lvl5_2; 73466; 6466; P2
17; 3; lvl3_4; 77438; 438; P1
18; 3; lvl3_4; 82162; 5162; P2
19; 6; lvl6_4; 87864; 864; P1
20; 6; lvl6_4; 93535; 6535; P2
21; 5; lvl5_3; 97753; 753; P1
22; 5; lvl5_3; 102350; 5350; P2
23; 9; lvl9_1; 107967; 967; P1
24; 9; lvl9_1; 113650; 6650; P2
25; 7; lvl7_3; 118481; 1481; P1
26; 7; lvl7_3; 123498; 6498; P2
27; 9; lvl9_3; 129115; 2115; P1
28; 9; lvl9_3; 133271; 6271; P2
29; 8; lvl8_5; 138794; 1794; P1
30; 8; lvl8_5; 143046; 6046; P2
31; 1; lvl1_3; 147205; 205; P1
32; 1; lvl1_3; 152302; 5302; P2
33; 3; lvl3_5; 157214; 214; P1
34; 3; lvl3_5; 162411; 5411; P2
35; 9; lvl9_5; 167554; 554; P1
36; 9; lvl9_5; 172945; 5945; P2
37; 2; lvl2_1; 177670; 670; P1
38; 2; lvl2_1; 182783; 5783; P2
39; 3; lvl3_3; 188525; 1525; P1
40; 3; lvl3_3; 194102; 7102; P2
41; 2; lvl2_6; 198270; 1270; P1
42; 2; lvl2_6; 202446; 5446; P2
43; 9; lvl9_6; 207089; 89; P1
44; 9; lvl9_6; 212371; 5371; P2
45; 5; lvl5_1; 218274; 1274; P1
46; 5; lvl5_1; 222169; 5169; P2
47; 7; lvl7_2; 227260; 260; P1
48; 7; lvl7_2; 233047; 6047; P2
49; 10; lvl10_3; 238993; 1993; P1
50; 10; lvl10_3; 243845; 6845; P2
51; 6; lvl6_2; 248216; 1216; P1
52; 6; lvl6_2; 252737; 5737; P2
53; 9; lvl9_4; 257606; 606; P1
54; 9; lvl9_4; 263223; 6223; P2
55; 4; lvl4_2; 268465; 1465; P1
56; 4; lvl4_2; 272497; 5497; P2
57; 2; lvl2_5; 277487; 487; P1
58; 2; lvl2_5; 282903; 5903; P2
59; 1; lvl1_5; 287163; 163; P1
60; 1; lvl1_5; 292186; 5186; P2
61; 4; lvl4_5; 297477; 477; P1
62; 4; lvl4_5; 302147; 5147; P2
63; 10; lvl10_6; 307913; 913; P1
64; 10; lvl10_6; 312089; 5089; P2
65; 10; lvl10_5; 318064; 1064; P1
66; 10; lvl10_5; 322547; 5547; P2
67; 6; lvl6_6; 327231; 231; P1
68; 6; lvl6_6; 332478; 5478; P2
69; 2; lvl2_3; 337390; 390; P1
70; 2; lvl2_3; 342910; 5910; P2
71; 8; lvl8_4; 347484; 484; P1
72; 8; lvl8_4; 353261; 6261; P2
73; 10; lvl10_2; 358981; 1981; P1
74; 10; lvl10_2; 363517; 6517; P2
75; 6; lvl6_3; 369094; 2094; P1
76; 6; lvl6_3; 373340; 6340; P2
77; 4; lvl4_1; 379337; 2337; P1
78; 4; lvl4_1; 385054; 8054; P2
79; 7; lvl7_4; 390440; 3440; P1
80; 7; lvl7_4; 395925; 8925; P2
81; 2; lvl2_4; 399325; 2325; P1
82; 2; lvl2_4; 403750; 6750; P2
83; 7; lvl7_1; 407234; 234; P1
84; 7; lvl7_1; 412580; 5580; P2
85; 1; lvl1_6; 417487; 487; P1
86; 1; lvl1_6; 422371; 5371; P2
87; 9; lvl9_2; 427981; 981; P1
88; 9; lvl9_2; 432361; 5361; P2
89; 1; lvl1_1; 437374; 374; P1
90; 1; lvl1_1; 442368; 5368; P2
91; 10; lvl10_1; 447476; 476; P1
92; 10; lvl10_1; 453223; 6223; P2
93; 3; lvl3_6; 457094; 94; P1
94; 3; lvl3_6; 462200; 5200; P2
95; 8; lvl8_2; 467819; 819; P1
96; 8; lvl8_2; 473782; 6782; P2
97; 8; lvl8_6; 478551; 1551; P1
98; 8; lvl8_6; 483612; 6612; P2
99; 3; lvl3_2; 487441; 441; P1
100; 3; lvl3_2; 492186; 5186; P2
101; 8; lvl8_3; 497987; 987; P1
102; 8; lvl8_3; 503240; 6240; P2
103; 3; lvl3_1; 507842; 842; P1
104; 3; lvl3_1; 512169; 5169; P2
105; 10; lvl10_4; 517058; 58; P1
106; 10; lvl10_4; 523058; 6058; P2
107; 6; lvl6_1; 528572; 1572; P1
108; 6; lvl6_1; 534049; 7049; P2
109; 4; lvl4_6; 537214; 214; P1
110; 4; lvl4_6; 542106; 5106; P2
111; 1; lvl1_4; 547780; 780; P1
112; 1; lvl1_4; 552317; 5317; P2
113; 6; lvl6_5; 557655; 655; P1
114; 6; lvl6_5; 563187; 6187; P2
115; 4; lvl4_4; 567524; 524; P1
116; 4; lvl4_4; 572616; 5616; P2
117; 5; lvl5_6; 578202; 1202; P1
118; 5; lvl5_6; 582775; 5775; P2
119; 5; lvl5_4; 587012; 12; P1
120; 5; lvl5_4; 592178; 5178; P2
--21-Nov-2010 21:24:21
Researcher: Default Researcher
Subject: Unnamed
1; 9; lvl9_2; 0; 3000; P1
2; 9; lvl9_2; 3777; 6777; P2
3; 7; lvl7_5; 8956; 1956; P1
4; 7; lvl7_5; 14773; 7773; P2
5; 4; lvl4_3; 19475; 2475; P1
6; 4; lvl4_3; 24352; 7352; P2
7; 1; lvl1_6; 28397; 1397; P1
8; 1; lvl1_6; 33896; 6896; P2
9; 3; lvl3_6; 37951; 951; P1
10; 3; lvl3_6; 42659; 5659; P2
11; 8; lvl8_2; 47794; 794; P1
12; 8; lvl8_2; 53116; 6116; P2
13; 9; lvl9_4; 57465; 465; P1
14; 9; lvl9_4; 62810; 5810; P2
15; 9; lvl9_5; 67218; 218; P1
16; 9; lvl9_5; 72084; 5084; P2
17; 5; lvl5_3; 77777; 777; P1
18; 5; lvl5_3; 83070; 6070; P2
19; 6; lvl6_6; 88499; 1499; P1
20; 6; lvl6_6; 93723; 6723; P2
21; 6; lvl6_2; 97240; 240; P1
22; 6; lvl6_2; 102193; 5193; P2
23; 1; lvl1_4; 107283; 283; P1
24; 1; lvl1_4; 113146; 6146; P2
25; 8; lvl8_4; 117971; 971; P1
26; 8; lvl8_4; 123151; 6151; P2
27; 8; lvl8_3; 128826; 1826; P1
28; 8; lvl8_3; 132127; 5127; P2
29; 4; lvl4_5; 137521; 521; P1
30; 4; lvl4_5; 142217; 5217; P2
31; 9; lvl9_3; 147000; 0; P1
32; 9; lvl9_3; 152276; 5276; P2
33; 3; lvl3_4; 157128; 128; P1
34; 3; lvl3_4; 162121; 5121; P2
35; 2; lvl2_5; 167589; 589; P1
36; 2; lvl2_5; 173404; 6404; P2
37; 8; lvl8_1; 177670; 670; P1
38; 8; lvl8_1; 182482; 5482; P2
39; 10; lvl10_1; 187214; 214; P1
40; 10; lvl10_1; 192545; 5545; P2
41; 4; lvl4_4; 197481; 481; P1
42; 4; lvl4_4; 202578; 5578; P2
43; 4; lvl4_6; 207095; 95; P1
44; 4; lvl4_6; 212936; 5936; P2
45; 6; lvl6_1; 218692; 1692; P1
46; 6; lvl6_1; 222243; 5243; P2
47; 2; lvl2_4; 228110; 1110; P1
48; 2; lvl2_4; 232425; 5425; P2
49; 8; lvl8_6; 237874; 874; P1
50; 8; lvl8_6; 243263; 6263; P2
51; 8; lvl8_5; 248180; 1180; P1
52; 8; lvl8_5; 252130; 5130; P2
53; 3; lvl3_5; 257951; 951; P1
54; 3; lvl3_5; 262542; 5542; P2
55; 7; lvl7_4; 268433; 1433; P1
56; 7; lvl7_4; 272804; 5804; P2
57; 1; lvl1_3; 277505; 505; P1
58; 1; lvl1_3; 282642; 5642; P2
59; 6; lvl6_4; 287624; 624; P1
60; 6; lvl6_4; 292599; 5599; P2
61; 9; lvl9_1; 297510; 510; P1
62; 9; lvl9_1; 303226; 6226; P2
63; 4; lvl4_1; 307176; 176; P1
64; 4; lvl4_1; 312432; 5432; P2
65; 5; lvl5_1; 317989; 989; P1
66; 5; lvl5_1; 323734; 6734; P2
67; 2; lvl2_6; 329554; 2554; P1
68; 2; lvl2_6; 334194; 7194; P2
69; 10; lvl10_6; 337774; 774; P1
70; 10; lvl10_6; 342904; 5904; P2
71; 10; lvl10_2; 348690; 1690; P1
72; 10; lvl10_2; 353834; 6834; P2
73; 2; lvl2_2; 358310; 1310; P1
74; 2; lvl2_2; 362770; 5770; P2
75; 7; lvl7_6; 368612; 1612; P1
76; 7; lvl7_6; 373077; 6077; P2
77; 1; lvl1_5; 377387; 387; P1
78; 1; lvl1_5; 382282; 5282; P2
79; 5; lvl5_4; 388100; 1100; P1
80; 5; lvl5_4; 392030; 5030; P2
81; 1; lvl1_1; 397085; 85; P1
82; 1; lvl1_1; 402794; 5794; P2
83; 7; lvl7_3; 407940; 940; P1
84; 7; lvl7_3; 412623; 5623; P2
85; 6; lvl6_3; 418085; 1085; P1
86; 6; lvl6_3; 422162; 5162; P2
87; 10; lvl10_5; 427496; 496; P1
88; 10; lvl10_5; 433408; 6408; P2
89; 10; lvl10_3; 438074; 1074; P1
90; 10; lvl10_3; 442121; 5121; P2
91; 2; lvl2_1; 447533; 533; P1
92; 2; lvl2_1; 452886; 5886; P2
93; 6; lvl6_5; 457011; 11; P1
94; 6; lvl6_5; 462666; 5666; P2
95; 5; lvl5_6; 467703; 703; P1
96; 5; lvl5_6; 472858; 5858; P2
97; 7; lvl7_1; 478455; 1455; P1
98; 7; lvl7_1; 484099; 7099; P2
99; 2; lvl2_3; 487957; 957; P1
100; 2; lvl2_3; 493947; 6947; P2
101; 3; lvl3_2; 499655; 2655; P1
102; 3; lvl3_2; 503843; 6843; P2
103; 1; lvl1_2; 507702; 702; P1
104; 1; lvl1_2; 512313; 5313; P2
105; 3; lvl3_3; 517928; 928; P1
106; 3; lvl3_3; 523353; 6353; P2
107; 10; lvl10_4; 528673; 1673; P1
108; 10; lvl10_4; 534654; 7654; P2
109; 5; lvl5_5; 538454; 1454; P1
110; 5; lvl5_5; 543474; 6474; P2
111; 5; lvl5_2; 548707; 1707; P1
112; 5; lvl5_2; 552553; 5553; P2
113; 3; lvl3_1; 557374; 374; P1
114; 3; lvl3_1; 562411; 5411; P2
115; 9; lvl9_6; 567630; 630; P1
116; 9; lvl9_6; 572495; 5495; P2
117; 7; lvl7_2; 577334; 334; P1
118; 7; lvl7_2; 582872; 5872; P2
119; 4; lvl4_2; 587937; 937; P1
120; 4; lvl4_2; 593467; 6467; P2
--21-Nov-2010 21:24:39
Researcher: Default Researcher
Subject: Unnamed
1; 9; lvl9_2; 0; 3000; P1
2; 9; lvl9_2; 4767; 7767; P2
3; 9; lvl9_3; 8195; 1195; P1
4; 9; lvl9_3; 13521; 6521; P2
5; 4; lvl4_5; 19431; 2431; P1
6; 4; lvl4_5; 25011; 8011; P2
7; 10; lvl10_2; 30048; 3048; P1
8; 10; lvl10_2; 33466; 6466; P2
9; 1; lvl1_5; 37779; 779; P1
10; 1; lvl1_5; 43248; 6248; P2
11; 8; lvl8_1; 47821; 821; P1
12; 8; lvl8_1; 53557; 6557; P2
13; 5; lvl5_6; 58027; 1027; P1
14; 5; lvl5_6; 63331; 6331; P2
15; 7; lvl7_4; 67464; 464; P1
16; 7; lvl7_4; 73376; 6376; P2
17; 2; lvl2_3; 78632; 1632; P1
18; 2; lvl2_3; 83129; 6129; P2
19; 4; lvl4_1; 87216; 216; P1
20; 4; lvl4_1; 92902; 5902; P2
21; 1; lvl1_6; 97982; 982; P1
22; 1; lvl1_6; 103479; 6479; P2
23; 7; lvl7_1; 109145; 2145; P1
24; 7; lvl7_1; 113929; 6929; P2
25; 5; lvl5_3; 119325; 2325; P1
26; 5; lvl5_3; 123111; 6111; P2
27; 6; lvl6_3; 127029; 29; P1
28; 6; lvl6_3; 132311; 5311; P2
29; 3; lvl3_3; 137921; 921; P1
30; 3; lvl3_3; 143918; 6918; P2
31; 3; lvl3_2; 147788; 788; P1
32; 3; lvl3_2; 152542; 5542; P2
33; 4; lvl4_6; 158282; 1282; P1
34; 4; lvl4_6; 163804; 6804; P2
35; 7; lvl7_2; 167849; 849; P1
36; 7; lvl7_2; 173733; 6733; P2
37; 3; lvl3_1; 178567; 1567; P1
38; 3; lvl3_1; 184023; 7023; P2
39; 7; lvl7_3; 189423; 2423; P1
40; 7; lvl7_3; 193528; 6528; P2
41; 1; lvl1_1; 197571; 571; P1
42; 1; lvl1_1; 203122; 6122; P2
43; 4; lvl4_4; 207599; 599; P1
44; 4; lvl4_4; 213481; 6481; P2
45; 2; lvl2_6; 218103; 1103; P1
46; 2; lvl2_6; 222612; 5612; P2
47; 2; lvl2_2; 228076; 1076; P1
48; 2; lvl2_2; 233560; 6560; P2
49; 2; lvl2_5; 238163; 1163; P1
50; 2; lvl2_5; 242870; 5870; P2
51; 9; lvl9_4; 247636; 636; P1
52; 9; lvl9_4; 252417; 5417; P2
53; 10; lvl10_6; 258153; 1153; P1
54; 10; lvl10_6; 263086; 6086; P2
55; 9; lvl9_1; 269082; 2082; P1
56; 9; lvl9_1; 272365; 5365; P2
57; 10; lvl10_1; 278202; 1202; P1
58; 10; lvl10_1; 282174; 5174; P2
59; 4; lvl4_3; 287673; 673; P1
60; 4; lvl4_3; 292507; 5507; P2
61; 3; lvl3_4; 297090; 90; P1
62; 3; lvl3_4; 302734; 5734; P2
63; 5; lvl5_1; 307748; 748; P1
64; 5; lvl5_1; 312513; 5513; P2
65; 3; lvl3_5; 317600; 600; P1
66; 3; lvl3_5; 323380; 6380; P2
67; 8; lvl8_6; 327407; 407; P1
68; 8; lvl8_6; 332300; 5300; P2
69; 8; lvl8_2; 337607; 607; P1
70; 8; lvl8_2; 343182; 6182; P2
71; 5; lvl5_5; 347209; 209; P1
72; 5; lvl5_5; 352125; 5125; P2
73; 1; lvl1_2; 357979; 979; P1
74; 1; lvl1_2; 362491; 5491; P2
75; 6; lvl6_1; 367967; 967; P1
76; 6; lvl6_1; 373681; 6681; P2
77; 6; lvl6_5; 378248; 1248; P1
78; 6; lvl6_5; 382301; 5301; P2
79; 10; lvl10_5; 387650; 650; P1
80; 10; lvl10_5; 393578; 6578; P2
81; 6; lvl6_2; 397598; 598; P1
82; 6; lvl6_2; 403332; 6332; P2
83; 8; lvl8_4; 407325; 325; P1
84; 8; lvl8_4; 412090; 5090; P2
85; 8; lvl8_3; 417396; 396; P1
86; 8; lvl8_3; 422262; 5262; P2
87; 1; lvl1_4; 428176; 1176; P1
88; 1; lvl1_4; 434074; 7074; P2
89; 10; lvl10_3; 437893; 893; P1
90; 10; lvl10_3; 443364; 6364; P2
91; 7; lvl7_6; 447957; 957; P1
92; 7; lvl7_6; 452432; 5432; P2
93; 2; lvl2_4; 457951; 951; P1
94; 2; lvl2_4; 462218; 5218; P2
95; 8; lvl8_5; 467272; 272; P1
96; 8; lvl8_5; 472555; 5555; P2
97; 5; lvl5_2; 478119; 1119; P1
98; 5; lvl5_2; 482387; 5387; P2
99; 1; lvl1_3; 487305; 305; P1
100; 1; lvl1_3; 492060; 5060; P2
101; 3; lvl3_6; 497205; 205; P1
102; 3; lvl3_6; 502068; 5068; P2
103; 6; lvl6_6; 507359; 359; P1
104; 6; lvl6_6; 512974; 5974; P2
105; 10; lvl10_4; 517873; 873; P1
106; 10; lvl10_4; 522010; 5010; P2
107; 7; lvl7_5; 527845; 845; P1
108; 7; lvl7_5; 532914; 5914; P2
109; 4; lvl4_2; 537811; 811; P1
110; 4; lvl4_2; 542265; 5265; P2
111; 9; lvl9_6; 548234; 1234; P1
112; 9; lvl9_6; 553328; 6328; P2
113; 5; lvl5_4; 558876; 1876; P1
114; 5; lvl5_4; 564829; 7829; P2
115; 2; lvl2_1; 568677; 1677; P1
116; 2; lvl2_1; 572352; 5352; P2
117; 9; lvl9_5; 578350; 1350; P1
118; 9; lvl9_5; 582518; 5518; P2
119; 6; lvl6_4; 587262; 262; P1
120; 6; lvl6_4; 592328; 5328; P2
--21-Nov-2010 21:24:47
Researcher: Default Researcher
Subject: Unnamed
1; 2; lvl2_3; 0; 3000; P1
2; 2; lvl2_3; 5017; 8017; P2
3; 3; lvl3_3; 8965; 1965; P1
4; 3; lvl3_3; 14596; 7596; P2
5; 7; lvl7_4; 19166; 2166; P1
6; 7; lvl7_4; 23922; 6922; P2
7; 3; lvl3_2; 28386; 1386; P1
8; 3; lvl3_2; 34156; 7156; P2
9; 6; lvl6_4; 38937; 1937; P1
10; 6; lvl6_4; 44735; 7735; P2
11; 3; lvl3_5; 47984; 984; P1
12; 3; lvl3_5; 53435; 6435; P2
13; 7; lvl7_3; 57128; 128; P1
14; 7; lvl7_3; 62046; 5046; P2
15; 2; lvl2_6; 67162; 162; P1
16; 2; lvl2_6; 72771; 5771; P2
17; 10; lvl10_3; 78183; 1183; P1
18; 10; lvl10_3; 83396; 6396; P2
19; 6; lvl6_5; 87730; 730; P1
20; 6; lvl6_5; 92575; 5575; P2
21; 3; lvl3_4; 97698; 698; P1
22; 3; lvl3_4; 102394; 5394; P2
23; 4; lvl4_1; 107152; 152; P1
24; 4; lvl4_1; 112717; 5717; P2
25; 10; lvl10_5; 118287; 1287; P1
26; 10; lvl10_5; 123956; 6956; P2
27; 6; lvl6_1; 129478; 2478; P1
28; 6; lvl6_1; 133952; 6952; P2
29; 9; lvl9_4; 137678; 678; P1
30; 9; lvl9_4; 143122; 6122; P2
31; 4; lvl4_2; 148600; 1600; P1
32; 4; lvl4_2; 153305; 6305; P2
33; 4; lvl4_6; 157151; 151; P1
34; 4; lvl4_6; 162737; 5737; P2
35; 8; lvl8_1; 167952; 952; P1
36; 8; lvl8_1; 172808; 5808; P2
37; 1; lvl1_5; 178559; 1559; P1
38; 1; lvl1_5; 182341; 5341; P2
39; 2; lvl2_1; 187144; 144; P1
40; 2; lvl2_1; 193063; 6063; P2
41; 8; lvl8_2; 197748; 748; P1
42; 8; lvl8_2; 202954; 5954; P2
43; 6; lvl6_6; 208208; 1208; P1
44; 6; lvl6_6; 214160; 7160; P2
45; 4; lvl4_5; 219778; 2778; P1
46; 4; lvl4_5; 224501; 7501; P2
47; 1; lvl1_1; 229445; 2445; P1
48; 1; lvl1_1; 233449; 6449; P2
49; 1; lvl1_6; 238058; 1058; P1
50; 1; lvl1_6; 243595; 6595; P2
51; 8; lvl8_5; 248653; 1653; P1
52; 8; lvl8_5; 252472; 5472; P2
53; 10; lvl10_4; 257646; 646; P1
54; 10; lvl10_4; 263226; 6226; P2
55; 4; lvl4_4; 269025; 2025; P1
56; 4; lvl4_4; 274565; 7565; P2
57; 5; lvl5_6; 280513; 3513; P1
58; 5; lvl5_6; 286222; 9222; P2
59; 5; lvl5_1; 290660; 3660; P1
60; 5; lvl5_1; 295607; 8607; P2
61; 9; lvl9_6; 299490; 2490; P1
62; 9; lvl9_6; 304015; 7015; P2
63; 2; lvl2_5; 310005; 3005; P1
64; 2; lvl2_5; 315138; 8138; P2
65; 2; lvl2_2; 318523; 1523; P1
66; 2; lvl2_2; 323067; 6067; P2
67; 10; lvl10_6; 327827; 827; P1
68; 10; lvl10_6; 332346; 5346; P2
69; 6; lvl6_2; 338105; 1105; P1
70; 6; lvl6_2; 343756; 6756; P2
71; 2; lvl2_4; 348104; 1104; P1
72; 2; lvl2_4; 353263; 6263; P2
73; 5; lvl5_2; 357941; 941; P1
74; 5; lvl5_2; 363288; 6288; P2
75; 3; lvl3_1; 368226; 1226; P1
76; 3; lvl3_1; 372332; 5332; P2
77; 8; lvl8_3; 377181; 181; P1
78; 8; lvl8_3; 382972; 5972; P2
79; 1; lvl1_3; 387439; 439; P1
80; 1; lvl1_3; 392969; 5969; P2
81; 8; lvl8_6; 398605; 1605; P1
82; 8; lvl8_6; 402921; 5921; P2
83; 7; lvl7_2; 407001; 1; P1
84; 7; lvl7_2; 412561; 5561; P2
85; 7; lvl7_1; 417391; 391; P1
86; 7; lvl7_1; 422358; 5358; P2
87; 1; lvl1_2; 427311; 311; P1
88; 1; lvl1_2; 432580; 5580; P2
89; 5; lvl5_5; 437828; 828; P1
90; 5; lvl5_5; 442649; 5649; P2
91; 7; lvl7_5; 447855; 855; P1
92; 7; lvl7_5; 452689; 5689; P2
93; 7; lvl7_6; 457688; 688; P1
94; 7; lvl7_6; 462360; 5360; P2
95; 5; lvl5_3; 467142; 142; P1
96; 5; lvl5_3; 472478; 5478; P2
97; 8; lvl8_4; 478037; 1037; P1
98; 8; lvl8_4; 482695; 5695; P2
99; 9; lvl9_2; 487780; 780; P1
100; 9; lvl9_2; 493439; 6439; P2
101; 5; lvl5_4; 497135; 135; P1
102; 5; lvl5_4; 502898; 5898; P2
103; 10; lvl10_1; 507629; 629; P1
104; 10; lvl10_1; 512951; 5951; P2
105; 4; lvl4_3; 517901; 901; P1
106; 4; lvl4_3; 522986; 5986; P2
107; 9; lvl9_5; 528965; 1965; P1
108; 9; lvl9_5; 534795; 7795; P2
109; 3; lvl3_6; 539497; 2497; P1
110; 3; lvl3_6; 543967; 6967; P2
111; 10; lvl10_2; 549406; 2406; P1
112; 10; lvl10_2; 555403; 8403; P2
113; 6; lvl6_3; 559441; 2441; P1
114; 6; lvl6_3; 562694; 5694; P2
115; 9; lvl9_1; 567315; 315; P1
116; 9; lvl9_1; 572648; 5648; P2
117; 9; lvl9_3; 577259; 259; P1
118; 9; lvl9_3; 582519; 5519; P2
119; 1; lvl1_4; 588212; 1212; P1
120; 1; lvl1_4; 594143; 7143; P2
--21-Nov-2010 22:25:10
Researcher: Default Researcher
Subject: Unnamed
1; 10; lvl10_5; 0; 3000; P1
2; 10; lvl10_5; 5976; 8976; P2
3; 1; lvl1_1; 9101; 2101; P1
4; 1; lvl1_1; 14613; 7613; P2
5; 7; lvl7_3; 19926; 2926; P1
6; 7; lvl7_3; 23847; 6847; P2
7; 2; lvl2_5; 28267; 1267; P1
8; 2; lvl2_5; 33296; 6296; P2
9; 7; lvl7_1; 37458; 458; P1
10; 7; lvl7_1; 42023; 5023; P2
11; 1; lvl1_2; 47982; 982; P1
12; 1; lvl1_2; 52058; 5058; P2
13; 3; lvl3_5; 57841; 841; P1
14; 3; lvl3_5; 63599; 6599; P2
15; 4; lvl4_1; 69339; 2339; P1
16; 4; lvl4_1; 72903; 5903; P2
17; 10; lvl10_1; 77207; 207; P1
18; 10; lvl10_1; 82862; 5862; P2
19; 2; lvl2_3; 88511; 1511; P1
20; 2; lvl2_3; 92255; 5255; P2
21; 6; lvl6_5; 97849; 849; P1
22; 6; lvl6_5; 103269; 6269; P2
23; 9; lvl9_5; 107717; 717; P1
24; 9; lvl9_5; 112047; 5047; P2
25; 9; lvl9_2; 117572; 572; P1
26; 9; lvl9_2; 123507; 6507; P2
27; 3; lvl3_3; 128035; 1035; P1
28; 3; lvl3_3; 133729; 6729; P2
29; 6; lvl6_3; 139640; 2640; P1
30; 6; lvl6_3; 143554; 6554; P2
31; 5; lvl5_5; 149107; 2107; P1
32; 5; lvl5_5; 153096; 6096; P2
33; 5; lvl5_3; 158518; 1518; P1
34; 5; lvl5_3; 164075; 7075; P2
35; 6; lvl6_2; 169015; 2015; P1
36; 6; lvl6_2; 172577; 5577; P2
37; 5; lvl5_2; 177850; 850; P1
38; 5; lvl5_2; 182810; 5810; P2
39; 2; lvl2_4; 188416; 1416; P1
40; 2; lvl2_4; 193958; 6958; P2
41; 4; lvl4_4; 197524; 524; P1
42; 4; lvl4_4; 203514; 6514; P2
43; 1; lvl1_6; 208917; 1917; P1
44; 1; lvl1_6; 212787; 5787; P2
45; 8; lvl8_5; 217227; 227; P1
46; 8; lvl8_5; 222852; 5852; P2
47; 2; lvl2_6; 227018; 18; P1
48; 2; lvl2_6; 232464; 5464; P2
49; 6; lvl6_1; 237523; 523; P1
50; 6; lvl6_1; 243432; 6432; P2
51; 4; lvl4_2; 247853; 853; P1
52; 4; lvl4_2; 252917; 5917; P2
53; 10; lvl10_3; 257908; 908; P1
54; 10; lvl10_3; 263721; 6721; P2
55; 10; lvl10_2; 267436; 436; P1
56; 10; lvl10_2; 272593; 5593; P2
57; 8; lvl8_2; 278179; 1179; P1
58; 8; lvl8_2; 283810; 6810; P2
59; 5; lvl5_4; 288787; 1787; P1
60; 5; lvl5_4; 292052; 5052; P2
61; 8; lvl8_6; 297393; 393; P1
62; 8; lvl8_6; 302574; 5574; P2
63; 7; lvl7_6; 307078; 78; P1
64; 7; lvl7_6; 312027; 5027; P2
65; 5; lvl5_6; 317364; 364; P1
66; 5; lvl5_6; 322397; 5397; P2
67; 7; lvl7_4; 328341; 1341; P1
68; 7; lvl7_4; 333260; 6260; P2
69; 2; lvl2_1; 337256; 256; P1
70; 2; lvl2_1; 342994; 5994; P2
71; 4; lvl4_6; 348580; 1580; P1
72; 4; lvl4_6; 353606; 6606; P2
73; 9; lvl9_4; 357699; 699; P1
74; 9; lvl9_4; 363390; 6390; P2
75; 10; lvl10_6; 369300; 2300; P1
76; 10; lvl10_6; 373457; 6457; P2
77; 8; lvl8_3; 377125; 125; P1
78; 8; lvl8_3; 382007; 5007; P2
79; 3; lvl3_4; 387906; 906; P1
80; 3; lvl3_4; 392044; 5044; P2
81; 6; lvl6_4; 397390; 390; P1
82; 6; lvl6_4; 403016; 6016; P2
83; 10; lvl10_4; 407065; 65; P1
84; 10; lvl10_4; 412262; 5262; P2
85; 9; lvl9_3; 417661; 661; P1
86; 9; lvl9_3; 422572; 5572; P2
87; 1; lvl1_3; 427204; 204; P1
88; 1; lvl1_3; 432089; 5089; P2
89; 7; lvl7_5; 437109; 109; P1
90; 7; lvl7_5; 442958; 5958; P2
91; 9; lvl9_1; 447588; 588; P1
92; 9; lvl9_1; 452525; 5525; P2
93; 4; lvl4_5; 458043; 1043; P1
94; 4; lvl4_5; 463967; 6967; P2
95; 8; lvl8_4; 469759; 2759; P1
96; 8; lvl8_4; 473870; 6870; P2
97; 6; lvl6_6; 478221; 1221; P1
98; 6; lvl6_6; 483335; 6335; P2
99; 1; lvl1_5; 487018; 18; P1
100; 1; lvl1_5; 492308; 5308; P2
101; 3; lvl3_1; 497543; 543; P1
102; 3; lvl3_1; 502244; 5244; P2
103; 3; lvl3_6; 507203; 203; P1
104; 3; lvl3_6; 512636; 5636; P2
105; 2; lvl2_2; 517002; 2; P1
106; 2; lvl2_2; 522131; 5131; P2
107; 9; lvl9_6; 527147; 147; P1
108; 9; lvl9_6; 532600; 5600; P2
109; 1; lvl1_4; 537191; 191; P1
110; 1; lvl1_4; 542493; 5493; P2
111; 4; lvl4_3; 547466; 466; P1
112; 4; lvl4_3; 552298; 5298; P2
113; 7; lvl7_2; 557446; 446; P1
114; 7; lvl7_2; 562991; 5991; P2
115; 3; lvl3_2; 567206; 206; P1
116; 3; lvl3_2; 572500; 5500; P2
117; 5; lvl5_1; 578165; 1165; P1
118; 5; lvl5_1; 583470; 6470; P2
119; 8; lvl8_1; 588436; 1436; P1
120; 8; lvl8_1; 592555; 5555; P2
--22-Nov-2010 01:04:53
Researcher: Default Researcher
Subject: Unnamed
1; 8; lvl8_1; 0; 3000; P1
2; 8; lvl8_1; 3310; 6310; P2
3; 1; lvl1_1; 7953; 953; P1
4; 1; lvl1_1; 12416; 5416; P2
5; 10; lvl10_5; 17669; 669; P1
6; 10; lvl10_5; 22625; 5625; P2
7; 4; lvl4_5; 28084; 1084; P1
8; 4; lvl4_5; 33764; 6764; P2
9; 2; lvl2_2; 38163; 1163; P1
10; 2; lvl2_2; 42688; 5688; P2
11; 10; lvl10_2; 47599; 599; P1
12; 10; lvl10_2; 53530; 6530; P2
13; 9; lvl9_1; 58765; 1765; P1
14; 9; lvl9_1; 63424; 6424; P2
15; 3; lvl3_1; 68997; 1997; P1
16; 3; lvl3_1; 73129; 6129; P2
17; 9; lvl9_4; 78869; 1869; P1
18; 9; lvl9_4; 83108; 6108; P2
19; 9; lvl9_2; 87049; 49; P1
20; 9; lvl9_2; 92750; 5750; P2
21; 7; lvl7_3; 97434; 434; P1
22; 7; lvl7_3; 102829; 5829; P2
23; 8; lvl8_6; 107488; 488; P1
24; 8; lvl8_6; 113254; 6254; P2
25; 5; lvl5_1; 117952; 952; P1
26; 5; lvl5_1; 123696; 6696; P2
27; 4; lvl4_3; 128608; 1608; P1
28; 4; lvl4_3; 132191; 5191; P2
29; 8; lvl8_5; 137395; 395; P1
30; 8; lvl8_5; 143392; 6392; P2
31; 7; lvl7_4; 147164; 164; P1
32; 7; lvl7_4; 152860; 5860; P2
33; 2; lvl2_1; 158160; 1160; P1
34; 2; lvl2_1; 162827; 5827; P2
35; 4; lvl4_1; 167739; 739; P1
36; 4; lvl4_1; 172966; 5966; P2
37; 2; lvl2_6; 178092; 1092; P1
38; 2; lvl2_6; 183995; 6995; P2
39; 10; lvl10_6; 188681; 1681; P1
40; 10; lvl10_6; 193841; 6841; P2
41; 1; lvl1_6; 199040; 2040; P1
42; 1; lvl1_6; 203705; 6705; P2
43; 8; lvl8_2; 207326; 326; P1
44; 8; lvl8_2; 212002; 5002; P2
45; 3; lvl3_4; 217935; 935; P1
46; 3; lvl3_4; 222138; 5138; P2
47; 6; lvl6_1; 228111; 1111; P1
48; 6; lvl6_1; 233758; 6758; P2
49; 6; lvl6_2; 238607; 1607; P1
50; 6; lvl6_2; 243026; 6026; P2
51; 6; lvl6_4; 247943; 943; P1
52; 6; lvl6_4; 252232; 5232; P2
53; 8; lvl8_4; 257010; 10; P1
54; 8; lvl8_4; 262352; 5352; P2
55; 9; lvl9_5; 268155; 1155; P1
56; 9; lvl9_5; 273999; 6999; P2
57; 5; lvl5_4; 278168; 1168; P1
58; 5; lvl5_4; 283303; 6303; P2
59; 6; lvl6_3; 287784; 784; P1
60; 6; lvl6_3; 293028; 6028; P2
61; 3; lvl3_3; 297860; 860; P1
62; 3; lvl3_3; 303329; 6329; P2
63; 2; lvl2_5; 309309; 2309; P1
64; 2; lvl2_5; 313564; 6564; P2
65; 4; lvl4_2; 319024; 2024; P1
66; 4; lvl4_2; 323739; 6739; P2
67; 7; lvl7_5; 328394; 1394; P1
68; 7; lvl7_5; 332999; 5999; P2
69; 7; lvl7_2; 337731; 731; P1
70; 7; lvl7_2; 342850; 5850; P2
71; 6; lvl6_6; 348256; 1256; P1
72; 6; lvl6_6; 353478; 6478; P2
73; 1; lvl1_4; 358258; 1258; P1
74; 1; lvl1_4; 362182; 5182; P2
75; 10; lvl10_1; 367708; 708; P1
76; 10; lvl10_1; 372885; 5885; P2
77; 4; lvl4_4; 378626; 1626; P1
78; 4; lvl4_4; 383518; 6518; P2
79; 9; lvl9_6; 388595; 1595; P1
80; 9; lvl9_6; 392899; 5899; P2
81; 6; lvl6_5; 398800; 1800; P1
82; 6; lvl6_5; 404008; 7008; P2
83; 1; lvl1_3; 408986; 1986; P1
84; 1; lvl1_3; 412287; 5287; P2
85; 5; lvl5_3; 417574; 574; P1
86; 5; lvl5_3; 422806; 5806; P2
87; 10; lvl10_4; 428749; 1749; P1
88; 10; lvl10_4; 432046; 5046; P2
89; 1; lvl1_2; 437045; 45; P1
90; 1; lvl1_2; 442456; 5456; P2
91; 1; lvl1_5; 447842; 842; P1
92; 1; lvl1_5; 453569; 6569; P2
93; 5; lvl5_5; 458932; 1932; P1
94; 5; lvl5_5; 462230; 5230; P2
95; 7; lvl7_6; 468144; 1144; P1
96; 7; lvl7_6; 473805; 6805; P2
97; 5; lvl5_2; 478404; 1404; P1
98; 5; lvl5_2; 482888; 5888; P2
99; 8; lvl8_3; 487126; 126; P1
100; 8; lvl8_3; 492591; 5591; P2
101; 3; lvl3_5; 497649; 649; P1
102; 3; lvl3_5; 503024; 6024; P2
103; 3; lvl3_2; 507145; 145; P1
104; 3; lvl3_2; 512884; 5884; P2
105; 2; lvl2_3; 517724; 724; P1
106; 2; lvl2_3; 523401; 6401; P2
107; 5; lvl5_6; 527342; 342; P1
108; 5; lvl5_6; 532311; 5311; P2
109; 3; lvl3_6; 538244; 1244; P1
110; 3; lvl3_6; 544037; 7037; P2
111; 4; lvl4_6; 547744; 744; P1
112; 4; lvl4_6; 553178; 6178; P2
113; 9; lvl9_3; 558636; 1636; P1
114; 9; lvl9_3; 564524; 7524; P2
115; 10; lvl10_3; 567814; 814; P1
116; 10; lvl10_3; 573296; 6296; P2
117; 2; lvl2_4; 578356; 1356; P1
118; 2; lvl2_4; 583710; 6710; P2
119; 7; lvl7_1; 588466; 1466; P1
120; 7; lvl7_1; 592382; 5382; P2
--22-Nov-2010 23:10:31
Researcher: Default Researcher
Subject: Unnamed
1; 9; lvl9_3; 0; 3000; P1
2; 9; lvl9_3; 5998; 8998; P2
3; 5; lvl5_4; 10378; 3378; P1
4; 5; lvl5_4; 15133; 8133; P2
5; 10; lvl10_6; 20764; 3764; P1
6; 10; lvl10_6; 23931; 6931; P2
7; 9; lvl9_1; 29215; 2215; P1
8; 9; lvl9_1; 32932; 5932; P2
9; 8; lvl8_1; 37177; 177; P1
10; 8; lvl8_1; 42672; 5672; P2
11; 3; lvl3_2; 48327; 1327; P1
12; 3; lvl3_2; 54008; 7008; P2
13; 9; lvl9_6; 58448; 1448; P1
14; 9; lvl9_6; 62241; 5241; P2
15; 5; lvl5_6; 67837; 837; P1
16; 5; lvl5_6; 72035; 5035; P2
17; 7; lvl7_2; 77346; 346; P1
18; 7; lvl7_2; 82462; 5462; P2
19; 3; lvl3_5; 88113; 1113; P1
20; 3; lvl3_5; 93462; 6462; P2
21; 2; lvl2_2; 97926; 926; P1
22; 2; lvl2_2; 102399; 5399; P2
23; 5; lvl5_1; 107399; 399; P1
24; 5; lvl5_1; 112839; 5839; P2
25; 2; lvl2_4; 118230; 1230; P1
26; 2; lvl2_4; 124101; 7101; P2
27; 6; lvl6_1; 128196; 1196; P1
28; 6; lvl6_1; 132484; 5484; P2
29; 7; lvl7_1; 137407; 407; P1
30; 7; lvl7_1; 142256; 5256; P2
31; 8; lvl8_6; 147412; 412; P1
32; 8; lvl8_6; 152816; 5816; P2
33; 3; lvl3_4; 158435; 1435; P1
34; 3; lvl3_4; 163595; 6595; P2
35; 7; lvl7_6; 168813; 1813; P1
36; 7; lvl7_6; 173876; 6876; P2
37; 1; lvl1_4; 179148; 2148; P1
38; 1; lvl1_4; 183826; 6826; P2
39; 8; lvl8_3; 188838; 1838; P1
40; 8; lvl8_3; 193825; 6825; P2
41; 4; lvl4_2; 198609; 1609; P1
42; 4; lvl4_2; 202509; 5509; P2
43; 10; lvl10_5; 208373; 1373; P1
44; 10; lvl10_5; 214245; 7245; P2
45; 8; lvl8_5; 218244; 1244; P1
46; 8; lvl8_5; 222248; 5248; P2
47; 4; lvl4_1; 227583; 583; P1
48; 4; lvl4_1; 232085; 5085; P2
49; 1; lvl1_1; 237193; 193; P1
50; 1; lvl1_1; 242151; 5151; P2
51; 6; lvl6_2; 247787; 787; P1
52; 6; lvl6_2; 253314; 6314; P2
53; 3; lvl3_1; 259079; 2079; P1
54; 3; lvl3_1; 265054; 8054; P2
55; 4; lvl4_6; 269832; 2832; P1
56; 4; lvl4_6; 274141; 7141; P2
57; 6; lvl6_6; 279967; 2967; P1
58; 6; lvl6_6; 285530; 8530; P2
59; 7; lvl7_3; 291192; 4192; P1
60; 7; lvl7_3; 296465; 9465; P2
61; 3; lvl3_3; 299610; 2610; P1
62; 3; lvl3_3; 304494; 7494; P2
63; 6; lvl6_3; 308981; 1981; P1
64; 6; lvl6_3; 313662; 6662; P2
65; 1; lvl1_3; 318107; 1107; P1
66; 1; lvl1_3; 322199; 5199; P2
67; 2; lvl2_6; 327036; 36; P1
68; 2; lvl2_6; 332836; 5836; P2
69; 7; lvl7_4; 337430; 430; P1
70; 7; lvl7_4; 342192; 5192; P2
71; 10; lvl10_1; 347723; 723; P1
72; 10; lvl10_1; 353060; 6060; P2
73; 8; lvl8_4; 357534; 534; P1
74; 8; lvl8_4; 362237; 5237; P2
75; 9; lvl9_2; 367683; 683; P1
76; 9; lvl9_2; 372453; 5453; P2
77; 9; lvl9_5; 378356; 1356; P1
78; 9; lvl9_5; 382187; 5187; P2
79; 10; lvl10_4; 387105; 105; P1
80; 10; lvl10_4; 392103; 5103; P2
81; 2; lvl2_5; 397296; 296; P1
82; 2; lvl2_5; 402475; 5475; P2
83; 10; lvl10_3; 407397; 397; P1
84; 10; lvl10_3; 412355; 5355; P2
85; 7; lvl7_5; 417597; 597; P1
86; 7; lvl7_5; 422298; 5298; P2
87; 1; lvl1_5; 427124; 124; P1
88; 1; lvl1_5; 432547; 5547; P2
89; 2; lvl2_1; 438353; 1353; P1
90; 2; lvl2_1; 442702; 5702; P2
91; 5; lvl5_5; 447523; 523; P1
92; 5; lvl5_5; 452585; 5585; P2
93; 1; lvl1_6; 457642; 642; P1
94; 1; lvl1_6; 463095; 6095; P2
95; 10; lvl10_2; 467991; 991; P1
96; 10; lvl10_2; 472769; 5769; P2
97; 2; lvl2_3; 477799; 799; P1
98; 2; lvl2_3; 483465; 6465; P2
99; 6; lvl6_4; 487526; 526; P1
100; 6; lvl6_4; 492543; 5543; P2
101; 4; lvl4_3; 498050; 1050; P1
102; 4; lvl4_3; 503208; 6208; P2
103; 8; lvl8_2; 508566; 1566; P1
104; 8; lvl8_2; 512588; 5588; P2
105; 9; lvl9_4; 517370; 370; P1
106; 9; lvl9_4; 522543; 5543; P2
107; 3; lvl3_6; 527050; 50; P1
108; 3; lvl3_6; 532394; 5394; P2
109; 6; lvl6_5; 537362; 362; P1
110; 6; lvl6_5; 542601; 5601; P2
111; 5; lvl5_2; 547023; 23; P1
112; 5; lvl5_2; 552203; 5203; P2
113; 4; lvl4_5; 557206; 206; P1
114; 4; lvl4_5; 562175; 5175; P2
115; 4; lvl4_4; 567869; 869; P1
116; 4; lvl4_4; 572980; 5980; P2
117; 5; lvl5_3; 578884; 1884; P1
118; 5; lvl5_3; 583093; 6093; P2
119; 1; lvl1_2; 587205; 205; P1
120; 1; lvl1_2; 593127; 6127; P2
